{"/Users/kirylmaltsav/Workspace/vue-project-template/src/components/app/loader/AppPageLoader.vue":{"path":"/Users/kirylmaltsav/Workspace/vue-project-template/src/components/app/loader/AppPageLoader.vue","statementMap":{"0":{"start":{"line":4,"column":34},"end":{"line":33,"column":2}},"1":{"start":{"line":7,"column":4},"end":{"line":7,"column":15}},"2":{"start":{"line":8,"column":19},"end":{"line":8,"column":30}},"3":{"start":{"line":9,"column":40},"end":{"line":9,"column":55}},"4":{"start":{"line":10,"column":30},"end":{"line":10,"column":34}},"5":{"start":{"line":11,"column":4},"end":{"line":18,"column":7}},"6":{"start":{"line":12,"column":6},"end":{"line":14,"column":7}},"7":{"start":{"line":13,"column":8},"end":{"line":13,"column":42}},"8":{"start":{"line":15,"column":6},"end":{"line":17,"column":14}},"9":{"start":{"line":16,"column":8},"end":{"line":16,"column":27}},"10":{"start":{"line":19,"column":4},"end":{"line":24,"column":7}},"11":{"start":{"line":20,"column":6},"end":{"line":22,"column":7}},"12":{"start":{"line":21,"column":8},"end":{"line":21,"column":42}},"13":{"start":{"line":23,"column":6},"end":{"line":23,"column":26}},"14":{"start":{"line":25,"column":25},"end":{"line":29,"column":7}},"15":{"start":{"line":26,"column":6},"end":{"line":26,"column":33}},"16":{"start":{"line":28,"column":6},"end":{"line":28,"column":30}},"17":{"start":{"line":30,"column":4},"end":{"line":30,"column":95}},"18":{"start":{"line":31,"column":4},"end":{"line":31,"column":24}},"19":{"start":{"line":35,"column":19},"end":{"line":38,"column":1}},"20":{"start":{"line":40,"column":2},"end":{"line":59,"column":5}},"21":{"start":{"line":45,"column":28},"end":{"line":56,"column":5}},"22":{"start":{"line":62,"column":0},"end":{"line":62,"column":31}},"23":{"start":{"line":63,"column":0},"end":{"line":63,"column":109}},"24":{"start":{"line":64,"column":0},"end":{"line":66,"column":3}},"25":{"start":{"line":65,"column":2},"end":{"line":65,"column":42}},"26":{"start":{"line":67,"column":0},"end":{"line":75,"column":3}},"27":{"start":{"line":68,"column":2},"end":{"line":68,"column":19}},"28":{"start":{"line":68,"column":12},"end":{"line":68,"column":19}},"29":{"start":{"line":69,"column":47},"end":{"line":69,"column":50}},"30":{"start":{"line":70,"column":2},"end":{"line":74,"column":3}},"31":{"start":{"line":71,"column":4},"end":{"line":71,"column":66}},"32":{"start":{"line":73,"column":4},"end":{"line":73,"column":57}}},"fnMap":{"0":{"name":"(anonymous_0)","decl":{"start":{"line":6,"column":2},"end":{"line":6,"column":3}},"loc":{"start":{"line":6,"column":39},"end":{"line":32,"column":3}},"line":6},"1":{"name":"(anonymous_1)","decl":{"start":{"line":11,"column":22},"end":{"line":11,"column":23}},"loc":{"start":{"line":11,"column":28},"end":{"line":18,"column":5}},"line":11},"2":{"name":"(anonymous_2)","decl":{"start":{"line":15,"column":39},"end":{"line":15,"column":40}},"loc":{"start":{"line":15,"column":45},"end":{"line":17,"column":7}},"line":15},"3":{"name":"(anonymous_3)","decl":{"start":{"line":19,"column":21},"end":{"line":19,"column":22}},"loc":{"start":{"line":19,"column":27},"end":{"line":24,"column":5}},"line":19},"4":{"name":"(anonymous_4)","decl":{"start":{"line":25,"column":60},"end":{"line":25,"column":61}},"loc":{"start":{"line":25,"column":86},"end":{"line":27,"column":5}},"line":25},"5":{"name":"(anonymous_5)","decl":{"start":{"line":27,"column":7},"end":{"line":27,"column":8}},"loc":{"start":{"line":27,"column":34},"end":{"line":29,"column":5}},"line":27},"6":{"name":"_sfc_render","decl":{"start":{"line":39,"column":9},"end":{"line":39,"column":20}},"loc":{"start":{"line":39,"column":68},"end":{"line":60,"column":1}},"line":39},"7":{"name":"(anonymous_7)","decl":{"start":{"line":45,"column":22},"end":{"line":45,"column":23}},"loc":{"start":{"line":45,"column":28},"end":{"line":56,"column":5}},"line":45},"8":{"name":"(anonymous_8)","decl":{"start":{"line":64,"column":35},"end":{"line":64,"column":36}},"loc":{"start":{"line":64,"column":49},"end":{"line":66,"column":1}},"line":64},"9":{"name":"(anonymous_9)","decl":{"start":{"line":67,"column":23},"end":{"line":67,"column":24}},"loc":{"start":{"line":67,"column":32},"end":{"line":75,"column":1}},"line":67}},"branchMap":{"0":{"loc":{"start":{"line":12,"column":6},"end":{"line":14,"column":7}},"type":"if","locations":[{"start":{"line":12,"column":6},"end":{"line":14,"column":7}},{"start":{},"end":{}}],"line":12},"1":{"loc":{"start":{"line":20,"column":6},"end":{"line":22,"column":7}},"type":"if","locations":[{"start":{"line":20,"column":6},"end":{"line":22,"column":7}},{"start":{},"end":{}}],"line":20},"2":{"loc":{"start":{"line":46,"column":6},"end":{"line":55,"column":45}},"type":"cond-expr","locations":[{"start":{"line":46,"column":26},"end":{"line":55,"column":8}},{"start":{"line":55,"column":12},"end":{"line":55,"column":45}}],"line":46},"3":{"loc":{"start":{"line":48,"column":8},"end":{"line":54,"column":10}},"type":"binary-expr","locations":[{"start":{"line":48,"column":8},"end":{"line":48,"column":17}},{"start":{"line":48,"column":22},"end":{"line":54,"column":9}}],"line":48},"4":{"loc":{"start":{"line":63,"column":0},"end":{"line":63,"column":108}},"type":"binary-expr","locations":[{"start":{"line":63,"column":0},"end":{"line":63,"column":42}},{"start":{"line":63,"column":46},"end":{"line":63,"column":108}}],"line":63},"5":{"loc":{"start":{"line":68,"column":2},"end":{"line":68,"column":19}},"type":"if","locations":[{"start":{"line":68,"column":2},"end":{"line":68,"column":19}},{"start":{},"end":{}}],"line":68},"6":{"loc":{"start":{"line":70,"column":2},"end":{"line":74,"column":3}},"type":"if","locations":[{"start":{"line":70,"column":2},"end":{"line":74,"column":3}},{"start":{"line":72,"column":9},"end":{"line":74,"column":3}}],"line":70}},"s":{"0":1,"1":1,"2":1,"3":1,"4":1,"5":1,"6":2,"7":1,"8":2,"9":0,"10":1,"11":2,"12":2,"13":2,"14":1,"15":0,"16":0,"17":1,"18":1,"19":1,"20":1,"21":1,"22":1,"23":1,"24":1,"25":0,"26":1,"27":0,"28":0,"29":0,"30":0,"31":0,"32":0},"f":{"0":1,"1":2,"2":0,"3":2,"4":0,"5":0,"6":1,"7":1,"8":0,"9":0},"b":{"0":[1,1],"1":[2,0],"2":[0,1],"3":[0,0],"4":[1,1],"5":[0,0],"6":[0,0]},"inputSourceMap":{"version":3,"mappings":";AACA,SAAS,iBAAiB;AAE1B,SAAS,qBAAqB;;;;;AAE9B,UAAM,SAAS,UAAU;AACzB,UAAM,EAAE,WAAW,aAAa,IAAI,cAAc;AAElD,QAAI,sBAA4D;AAEhE,WAAO,WAAW,MAAM;AACtB,UAAI,wBAAwB,MAAM;AAChC,qBAAa,mBAAmB;AAAA,MAClC;AAEA,4BAAsB,WAAW,MAAM;AACrC,qBAAa,IAAI;AAAA,MACnB,GAAG,GAAG;AAAA,IACR,CAAC;AAED,WAAO,UAAU,MAAM;AACrB,UAAI,wBAAwB,MAAM;AAChC,qBAAa,mBAAmB;AAAA,MAClC;AAEA,mBAAa,KAAK;AAAA,IACpB,CAAC;;;;;;;;;;;;EA1BD;AAAA,EAqCM,OAAM;;;uBAPV,aAYa;AAAA,IAXX,sBAAmB;AAAA,IACnB,sBAAmB;AAAA,IACnB,kBAAe;AAAA;IAjCnB,kBAmCI,MAMM;AAAA,MALE,kCADR,oBAMM,OANN,YAMM;AAAA,QAFJ;AAAA,kCACA;AAAA,UAAwD;AAAA,YAAnD,OAAM,2CAA0C;AAAA;AAAA;AAAA;AAAA;AAAA,YAxC3D;AAAA;IAAA;AAAA;AAAA","names":[],"ignoreList":[],"sources":["/Users/kirylmaltsav/Workspace/vue-project-template/src/components/app/loader/AppPageLoader.vue"],"file":"/Users/kirylmaltsav/Workspace/vue-project-template/src/components/app/loader/AppPageLoader.vue"},"_coverageSchema":"1a1c01bbd47fc00a2c39e90264f33305004495a9","hash":"d204f6a90c8f632b9cff617041641d11b74dc3de"},"/Users/kirylmaltsav/Workspace/vue-project-template/src/types/enum.type.ts":{"path":"/Users/kirylmaltsav/Workspace/vue-project-template/src/types/enum.type.ts","statementMap":{"0":{"start":{"line":2,"column":2},"end":{"line":2,"column":45}}},"fnMap":{"0":{"name":"createI18nKeyMap","decl":{"start":{"line":1,"column":16},"end":{"line":1,"column":32}},"loc":{"start":{"line":1,"column":45},"end":{"line":3,"column":1}},"line":1}},"branchMap":{},"s":{"0":2},"f":{"0":2},"b":{},"inputSourceMap":{"version":3,"sources":["/Users/kirylmaltsav/Workspace/vue-project-template/src/types/enum.type.ts"],"mappings":"AAWO,gBAAS,iBAAuC,YAA6D;AAClH,SAAO,IAAI,IAAI,OAAO,QAAQ,UAAU,CAAC;AAC3C;","names":[]},"_coverageSchema":"1a1c01bbd47fc00a2c39e90264f33305004495a9","hash":"e5167a60b3c132fe3acaca875d3e22571560b793"},"/Users/kirylmaltsav/Workspace/vue-project-template/src/models/user/user.transformer.ts":{"path":"/Users/kirylmaltsav/Workspace/vue-project-template/src/models/user/user.transformer.ts","statementMap":{"0":{"start":{"line":3,"column":4},"end":{"line":8,"column":6}},"1":{"start":{"line":13,"column":4},"end":{"line":18,"column":6}},"2":{"start":{"line":23,"column":4},"end":{"line":33,"column":6}},"3":{"start":{"line":28,"column":47},"end":{"line":28,"column":63}},"4":{"start":{"line":29,"column":38},"end":{"line":32,"column":7}},"5":{"start":{"line":38,"column":4},"end":{"line":41,"column":6}},"6":{"start":{"line":44,"column":4},"end":{"line":47,"column":6}}},"fnMap":{"0":{"name":"(anonymous_0)","decl":{"start":{"line":2,"column":2},"end":{"line":2,"column":3}},"loc":{"start":{"line":2,"column":22},"end":{"line":9,"column":3}},"line":2},"1":{"name":"(anonymous_1)","decl":{"start":{"line":12,"column":2},"end":{"line":12,"column":3}},"loc":{"start":{"line":12,"column":27},"end":{"line":19,"column":3}},"line":12},"2":{"name":"(anonymous_2)","decl":{"start":{"line":22,"column":2},"end":{"line":22,"column":3}},"loc":{"start":{"line":22,"column":22},"end":{"line":34,"column":3}},"line":22},"3":{"name":"(anonymous_3)","decl":{"start":{"line":28,"column":37},"end":{"line":28,"column":38}},"loc":{"start":{"line":28,"column":47},"end":{"line":28,"column":63}},"line":28},"4":{"name":"(anonymous_4)","decl":{"start":{"line":29,"column":27},"end":{"line":29,"column":28}},"loc":{"start":{"line":29,"column":38},"end":{"line":32,"column":7}},"line":29},"5":{"name":"(anonymous_5)","decl":{"start":{"line":37,"column":2},"end":{"line":37,"column":3}},"loc":{"start":{"line":37,"column":21},"end":{"line":42,"column":3}},"line":37},"6":{"name":"(anonymous_6)","decl":{"start":{"line":43,"column":2},"end":{"line":43,"column":3}},"loc":{"start":{"line":43,"column":22},"end":{"line":48,"column":3}},"line":43}},"branchMap":{"0":{"loc":{"start":{"line":45,"column":17},"end":{"line":45,"column":37}},"type":"binary-expr","locations":[{"start":{"line":45,"column":17},"end":{"line":45,"column":31}},{"start":{"line":45,"column":35},"end":{"line":45,"column":37}}],"line":45},"1":{"loc":{"start":{"line":46,"column":16},"end":{"line":46,"column":35}},"type":"binary-expr","locations":[{"start":{"line":46,"column":16},"end":{"line":46,"column":29}},{"start":{"line":46,"column":33},"end":{"line":46,"column":35}}],"line":46}},"s":{"0":2,"1":1,"2":1,"3":0,"4":0,"5":0,"6":0},"f":{"0":2,"1":1,"2":1,"3":0,"4":0,"5":0,"6":0},"b":{"0":[0,0],"1":[0,0]},"inputSourceMap":{"version":3,"sources":["/Users/kirylmaltsav/Workspace/vue-project-template/src/models/user/user.transformer.ts"],"mappings":"AAYO,aAAM,qBAAqB;AAAA,EAChC,OAAO,QAAQ,KAA8B;AAC3C,WAAO;AAAA,MACL,MAAM,IAAI;AAAA,MACV,OAAO,IAAI;AAAA,MACX,WAAW,IAAI;AAAA,MACf,UAAU,IAAI;AAAA,IAChB;AAAA,EACF;AACF;AAEO,aAAM,+BAA+B;AAAA,EAC1C,OAAO,MAAM,YAAyD;AACpE,WAAO;AAAA,MACL,QAAQ;AAAA,QACN,aAAa,WAAW,QAAQ;AAAA,MAClC;AAAA,MACA,MAAM,WAAW;AAAA,IACnB;AAAA,EACF;AACF;AAEO,aAAM,gBAAgB;AAAA,EAC3B,OAAO,QAAQ,KAAgC;AAC7C,WAAO;AAAA,MACL,MAAM,IAAI;AAAA,MACV,OAAO,IAAI;AAAA,MACX,WAAW,IAAI;AAAA,MACf,UAAU,IAAI;AAAA,MACd,aAAa,IAAI,MAAM,QAAQ,CAAC,SAAS,KAAK,WAAW;AAAA,MACzD,OAAO,IAAI,MAAM,IAAI,CAAC,UAAU;AAAA,QAC9B,MAAM,KAAK;AAAA,QACX,MAAM,KAAK;AAAA,MACb,EAAE;AAAA,IACJ;AAAA,EACF;AACF;AAEO,aAAM,sBAAsB;AAAA,EACjC,OAAO,MAAM,MAAqC;AAChD,WAAO;AAAA,MACL,WAAW,KAAK;AAAA,MAChB,UAAU,KAAK;AAAA,IACjB;AAAA,EACF;AAAA,EAEA,OAAO,OAAO,MAAkC;AAC9C,WAAO;AAAA,MACL,WAAW,KAAK,aAAa;AAAA,MAC7B,UAAU,KAAK,YAAY;AAAA,IAC7B;AAAA,EACF;AACF;","names":[]},"_coverageSchema":"1a1c01bbd47fc00a2c39e90264f33305004495a9","hash":"c70bd5963a55a6e0fccf3521df062a005187b023"},"/Users/kirylmaltsav/Workspace/vue-project-template/src/api/services/auth.service.ts":{"path":"/Users/kirylmaltsav/Workspace/vue-project-template/src/api/services/auth.service.ts","statementMap":{"0":{"start":{"line":5,"column":21},"end":{"line":7,"column":6}},"1":{"start":{"line":8,"column":4},"end":{"line":8,"column":50}}},"fnMap":{"0":{"name":"(anonymous_0)","decl":{"start":{"line":4,"column":2},"end":{"line":4,"column":3}},"loc":{"start":{"line":4,"column":23},"end":{"line":9,"column":3}},"line":4}},"branchMap":{},"s":{"0":1,"1":1},"f":{"0":1},"b":{},"inputSourceMap":{"version":3,"sources":["/Users/kirylmaltsav/Workspace/vue-project-template/src/api/services/auth.service.ts"],"mappings":"AAAA,SAAS,gCAAgC;AAEzC,SAAS,uBAAuB;AAEzB,aAAM,YAAY;AAAA,EACvB,aAAa,QAA6B;AACxC,UAAM,WAAW,MAAM,yBAAyB;AAAA,MAC9C,mBAAmB;AAAA,IACrB,CAAC;AAED,WAAO,gBAAgB,QAAQ,SAAS,IAAI;AAAA,EAC9C;AACF;","names":[]},"_coverageSchema":"1a1c01bbd47fc00a2c39e90264f33305004495a9","hash":"f08042c97b4dda41af702a526b2be3c591f6e9fa"},"/Users/kirylmaltsav/Workspace/vue-project-template/src/stores/auth.store.ts":{"path":"/Users/kirylmaltsav/Workspace/vue-project-template/src/stores/auth.store.ts","statementMap":{"0":{"start":{"line":8,"column":28},"end":{"line":49,"column":2}},"1":{"start":{"line":9,"column":19},"end":{"line":9,"column":28}},"2":{"start":{"line":10,"column":26},"end":{"line":10,"column":65}},"3":{"start":{"line":10,"column":41},"end":{"line":10,"column":64}},"4":{"start":{"line":11,"column":25},"end":{"line":11,"column":34}},"5":{"start":{"line":13,"column":4},"end":{"line":15,"column":5}},"6":{"start":{"line":14,"column":6},"end":{"line":14,"column":28}},"7":{"start":{"line":16,"column":17},"end":{"line":16,"column":42}},"8":{"start":{"line":17,"column":4},"end":{"line":17,"column":22}},"9":{"start":{"line":18,"column":4},"end":{"line":18,"column":16}},"10":{"start":{"line":21,"column":4},"end":{"line":21,"column":26}},"11":{"start":{"line":24,"column":4},"end":{"line":26,"column":5}},"12":{"start":{"line":25,"column":6},"end":{"line":25,"column":19}},"13":{"start":{"line":27,"column":4},"end":{"line":27,"column":59}},"14":{"start":{"line":30,"column":4},"end":{"line":30,"column":25}},"15":{"start":{"line":31,"column":4},"end":{"line":31,"column":22}},"16":{"start":{"line":32,"column":4},"end":{"line":32,"column":29}},"17":{"start":{"line":35,"column":4},"end":{"line":35,"column":36}},"18":{"start":{"line":37,"column":2},"end":{"line":48,"column":4}},"19":{"start":{"line":51,"column":2},"end":{"line":51,"column":41}},"20":{"start":{"line":54,"column":2},"end":{"line":54,"column":36}},"21":{"start":{"line":57,"column":2},"end":{"line":57,"column":40}},"22":{"start":{"line":60,"column":2},"end":{"line":60,"column":40}}},"fnMap":{"0":{"name":"(anonymous_0)","decl":{"start":{"line":8,"column":48},"end":{"line":8,"column":49}},"loc":{"start":{"line":8,"column":54},"end":{"line":49,"column":1}},"line":8},"1":{"name":"(anonymous_1)","decl":{"start":{"line":10,"column":35},"end":{"line":10,"column":36}},"loc":{"start":{"line":10,"column":41},"end":{"line":10,"column":64}},"line":10},"2":{"name":"getAuthUser","decl":{"start":{"line":12,"column":17},"end":{"line":12,"column":28}},"loc":{"start":{"line":12,"column":31},"end":{"line":19,"column":3}},"line":12},"3":{"name":"setAuthUser","decl":{"start":{"line":20,"column":11},"end":{"line":20,"column":22}},"loc":{"start":{"line":20,"column":29},"end":{"line":22,"column":3}},"line":20},"4":{"name":"hasPermission","decl":{"start":{"line":23,"column":11},"end":{"line":23,"column":24}},"loc":{"start":{"line":23,"column":37},"end":{"line":28,"column":3}},"line":23},"5":{"name":"logout","decl":{"start":{"line":29,"column":11},"end":{"line":29,"column":17}},"loc":{"start":{"line":29,"column":20},"end":{"line":33,"column":3}},"line":29},"6":{"name":"onLogout","decl":{"start":{"line":34,"column":11},"end":{"line":34,"column":19}},"loc":{"start":{"line":34,"column":30},"end":{"line":36,"column":3}},"line":34},"7":{"name":"getLoginUrl","decl":{"start":{"line":50,"column":15},"end":{"line":50,"column":26}},"loc":{"start":{"line":50,"column":29},"end":{"line":52,"column":1}},"line":50},"8":{"name":"getLogoutUrl","decl":{"start":{"line":53,"column":9},"end":{"line":53,"column":21}},"loc":{"start":{"line":53,"column":24},"end":{"line":55,"column":1}},"line":53},"9":{"name":"loginWithCode","decl":{"start":{"line":56,"column":15},"end":{"line":56,"column":28}},"loc":{"start":{"line":56,"column":35},"end":{"line":58,"column":1}},"line":56},"10":{"name":"isLoggedIn","decl":{"start":{"line":59,"column":15},"end":{"line":59,"column":25}},"loc":{"start":{"line":59,"column":28},"end":{"line":61,"column":1}},"line":59}},"branchMap":{"0":{"loc":{"start":{"line":13,"column":4},"end":{"line":15,"column":5}},"type":"if","locations":[{"start":{"line":13,"column":4},"end":{"line":15,"column":5}},{"start":{},"end":{}}],"line":13},"1":{"loc":{"start":{"line":24,"column":4},"end":{"line":26,"column":5}},"type":"if","locations":[{"start":{"line":24,"column":4},"end":{"line":26,"column":5}},{"start":{},"end":{}}],"line":24}},"s":{"0":1,"1":1,"2":1,"3":0,"4":1,"5":1,"6":0,"7":1,"8":1,"9":1,"10":1,"11":0,"12":0,"13":0,"14":0,"15":0,"16":0,"17":1,"18":1,"19":0,"20":0,"21":1,"22":1},"f":{"0":1,"1":0,"2":1,"3":1,"4":0,"5":0,"6":1,"7":0,"8":0,"9":1,"10":1},"b":{"0":[0,1],"1":[0,0]},"inputSourceMap":{"version":3,"sources":["/Users/kirylmaltsav/Workspace/vue-project-template/src/stores/auth.store.ts"],"mappings":"AAAA,SAAS,mBAAmB;AAC5B;AAAA,EACE;AAAA,EACA;AAAA,OACK;AAEP,SAAS,mBAAmB;AAE5B,SAAS,mBAAmB;AAGrB,aAAM,eAAe,YAAY,QAAQ,MAAM;AACpD,QAAM,WAAW,IAAuB,IAAI;AAE5C,QAAM,kBAAkB,SAAkB,MAAM,SAAS,UAAU,IAAI;AAEvE,QAAM,iBAAiB,IAAyB,IAAI;AAEpD,iBAAe,cAAmC;AAChD,QAAI,SAAS,UAAU,MAAM;AAC3B,aAAO,SAAS;AAAA,IAClB;AAEA,UAAM,OAAO,MAAM,YAAY,MAAM;AAErC,gBAAY,IAAI;AAEhB,WAAO;AAAA,EACT;AAEA,WAAS,YAAY,MAA+B;AAClD,aAAS,QAAQ;AAAA,EACnB;AAEA,WAAS,cAAc,YAAiC;AACtD,QAAI,SAAS,UAAU,MAAM;AAC3B,aAAO;AAAA,IACT;AAEA,WAAO,SAAS,MAAM,YAAY,SAAS,UAAU;AAAA,EACvD;AAEA,WAAS,SAAe;AACtB,gBAAY,OAAO;AACnB,gBAAY,IAAI;AAChB,mBAAe,QAAQ;AAAA,EACzB;AAEA,WAAS,SAAS,UAA4B;AAC5C,mBAAe,QAAQ;AAAA,EACzB;AAEA,SAAO;AAAA,IACL;AAAA,IACA;AAAA,IACA;AAAA,IACA;AAAA,IACA;AAAA,IACA;AAAA,IACA;AAAA,IACA;AAAA,IACA;AAAA,IACA;AAAA,EACF;AACF,CAAC;AAED,eAAe,cAA+B;AAC5C,SAAO,MAAM,YAAY,YAAY;AACvC;AAEA,SAAS,eAAuB;AAC9B,SAAO,YAAY,aAAa;AAClC;AAEA,eAAe,cAAc,MAA6B;AACxD,QAAM,YAAY,cAAc,IAAI;AACtC;AAEA,eAAe,aAA+B;AAC5C,SAAO,MAAM,YAAY,WAAW;AACtC;","names":[]},"_coverageSchema":"1a1c01bbd47fc00a2c39e90264f33305004495a9","hash":"00e539008b1f960340bde437321b9bc74c1227ef"},"/Users/kirylmaltsav/Workspace/vue-project-template/src/App.vue":{"path":"/Users/kirylmaltsav/Workspace/vue-project-template/src/App.vue","statementMap":{"0":{"start":{"line":20,"column":34},"end":{"line":55,"column":2}},"1":{"start":{"line":23,"column":4},"end":{"line":23,"column":15}},"2":{"start":{"line":24,"column":28},"end":{"line":24,"column":46}},"3":{"start":{"line":25,"column":23},"end":{"line":25,"column":32}},"4":{"start":{"line":26,"column":19},"end":{"line":26,"column":30}},"5":{"start":{"line":27,"column":23},"end":{"line":27,"column":36}},"6":{"start":{"line":28,"column":22},"end":{"line":28,"column":36}},"7":{"start":{"line":29,"column":18},"end":{"line":29,"column":28}},"8":{"start":{"line":30,"column":4},"end":{"line":30,"column":42}},"9":{"start":{"line":31,"column":4},"end":{"line":31,"column":21}},"10":{"start":{"line":32,"column":4},"end":{"line":32,"column":18}},"11":{"start":{"line":33,"column":4},"end":{"line":33,"column":18}},"12":{"start":{"line":34,"column":4},"end":{"line":34,"column":22}},"13":{"start":{"line":35,"column":4},"end":{"line":35,"column":26}},"14":{"start":{"line":36,"column":4},"end":{"line":40,"column":7}},"15":{"start":{"line":37,"column":6},"end":{"line":39,"column":9}},"16":{"start":{"line":41,"column":25},"end":{"line":51,"column":22}},"17":{"start":{"line":42,"column":6},"end":{"line":42,"column":30}},"18":{"start":{"line":44,"column":6},"end":{"line":44,"column":31}},"19":{"start":{"line":46,"column":6},"end":{"line":46,"column":29}},"20":{"start":{"line":48,"column":6},"end":{"line":48,"column":30}},"21":{"start":{"line":50,"column":6},"end":{"line":50,"column":24}},"22":{"start":{"line":52,"column":4},"end":{"line":52,"column":95}},"23":{"start":{"line":53,"column":4},"end":{"line":53,"column":24}},"24":{"start":{"line":58,"column":2},"end":{"line":77,"column":20}},"25":{"start":{"line":59,"column":28},"end":{"line":74,"column":5}},"26":{"start":{"line":65,"column":32},"end":{"line":70,"column":9}},"27":{"start":{"line":79,"column":0},"end":{"line":79,"column":31}},"28":{"start":{"line":80,"column":0},"end":{"line":80,"column":109}},"29":{"start":{"line":81,"column":0},"end":{"line":83,"column":3}},"30":{"start":{"line":82,"column":2},"end":{"line":82,"column":42}},"31":{"start":{"line":84,"column":0},"end":{"line":92,"column":3}},"32":{"start":{"line":85,"column":2},"end":{"line":85,"column":19}},"33":{"start":{"line":85,"column":12},"end":{"line":85,"column":19}},"34":{"start":{"line":86,"column":47},"end":{"line":86,"column":50}},"35":{"start":{"line":87,"column":2},"end":{"line":91,"column":3}},"36":{"start":{"line":88,"column":4},"end":{"line":88,"column":66}},"37":{"start":{"line":90,"column":4},"end":{"line":90,"column":57}}},"fnMap":{"0":{"name":"(anonymous_0)","decl":{"start":{"line":22,"column":2},"end":{"line":22,"column":3}},"loc":{"start":{"line":22,"column":39},"end":{"line":54,"column":3}},"line":22},"1":{"name":"(anonymous_1)","decl":{"start":{"line":36,"column":23},"end":{"line":36,"column":24}},"loc":{"start":{"line":36,"column":29},"end":{"line":40,"column":5}},"line":36},"2":{"name":"(anonymous_2)","decl":{"start":{"line":41,"column":86},"end":{"line":41,"column":87}},"loc":{"start":{"line":41,"column":109},"end":{"line":43,"column":5}},"line":41},"3":{"name":"(anonymous_3)","decl":{"start":{"line":43,"column":7},"end":{"line":43,"column":8}},"loc":{"start":{"line":43,"column":31},"end":{"line":45,"column":5}},"line":43},"4":{"name":"(anonymous_4)","decl":{"start":{"line":45,"column":7},"end":{"line":45,"column":8}},"loc":{"start":{"line":45,"column":29},"end":{"line":47,"column":5}},"line":45},"5":{"name":"(anonymous_5)","decl":{"start":{"line":47,"column":7},"end":{"line":47,"column":8}},"loc":{"start":{"line":47,"column":30},"end":{"line":49,"column":5}},"line":47},"6":{"name":"(anonymous_6)","decl":{"start":{"line":49,"column":7},"end":{"line":49,"column":8}},"loc":{"start":{"line":49,"column":24},"end":{"line":51,"column":5}},"line":49},"7":{"name":"_sfc_render","decl":{"start":{"line":57,"column":9},"end":{"line":57,"column":20}},"loc":{"start":{"line":57,"column":68},"end":{"line":78,"column":1}},"line":57},"8":{"name":"(anonymous_8)","decl":{"start":{"line":59,"column":22},"end":{"line":59,"column":23}},"loc":{"start":{"line":59,"column":28},"end":{"line":74,"column":5}},"line":59},"9":{"name":"(anonymous_9)","decl":{"start":{"line":65,"column":26},"end":{"line":65,"column":27}},"loc":{"start":{"line":65,"column":32},"end":{"line":70,"column":9}},"line":65},"10":{"name":"(anonymous_10)","decl":{"start":{"line":81,"column":35},"end":{"line":81,"column":36}},"loc":{"start":{"line":81,"column":49},"end":{"line":83,"column":1}},"line":81},"11":{"name":"(anonymous_11)","decl":{"start":{"line":84,"column":23},"end":{"line":84,"column":24}},"loc":{"start":{"line":84,"column":32},"end":{"line":92,"column":1}},"line":84}},"branchMap":{"0":{"loc":{"start":{"line":80,"column":0},"end":{"line":80,"column":108}},"type":"binary-expr","locations":[{"start":{"line":80,"column":0},"end":{"line":80,"column":42}},{"start":{"line":80,"column":46},"end":{"line":80,"column":108}}],"line":80},"1":{"loc":{"start":{"line":85,"column":2},"end":{"line":85,"column":19}},"type":"if","locations":[{"start":{"line":85,"column":2},"end":{"line":85,"column":19}},{"start":{},"end":{}}],"line":85},"2":{"loc":{"start":{"line":87,"column":2},"end":{"line":91,"column":3}},"type":"if","locations":[{"start":{"line":87,"column":2},"end":{"line":91,"column":3}},{"start":{"line":89,"column":9},"end":{"line":91,"column":3}}],"line":87}},"s":{"0":1,"1":1,"2":1,"3":1,"4":1,"5":1,"6":1,"7":1,"8":1,"9":1,"10":1,"11":1,"12":1,"13":1,"14":1,"15":0,"16":1,"17":2,"18":1,"19":2,"20":1,"21":1,"22":1,"23":1,"24":2,"25":2,"26":1,"27":1,"28":1,"29":1,"30":0,"31":1,"32":0,"33":0,"34":0,"35":0,"36":0,"37":0},"f":{"0":1,"1":0,"2":2,"3":1,"4":2,"5":1,"6":1,"7":2,"8":2,"9":1,"10":0,"11":0},"b":{"0":[1,1],"1":[0,0],"2":[0,0]},"inputSourceMap":{"version":3,"mappings":";AACA;AAAA,EACE;AAAA,EACA;AAAA,EACA;AAAA,EACA;AAAA,EACA;AAAA,EACA;AAAA,OACK;AACP,SAAS,eAAe;AACxB,SAAS,YAAY,iBAAiB;AAEtC,OAAO,mBAAmB;AAC1B,SAAS,sBAAsB;AAC/B,SAAS,mBAAmB;AAC5B,SAAS,mBAAmB;AAC5B,SAAS,uBAAuB;AAChC,SAAS,gBAAgB;AACzB,SAAS,2BAA2B;AACpC,SAAS,oBAAoB;;;;;AAE7B,UAAM,EAAE,YAAY,IAAI,iBAAiB;AACzC,UAAM,EAAE,OAAO,IAAI,QAAQ;AAC3B,UAAM,SAAS,UAAU;AACzB,UAAM,aAAa,YAAY;AAC/B,UAAM,YAAY,aAAa;AAC/B,UAAM,QAAQ,SAAS;AAEvB,gBAAY,wBAAwB;AAEpC,mBAAe;AACf,gBAAY;AACZ,gBAAY;AACZ,oBAAgB;AAEhB,wBAAoB;AAEpB,cAAU,SAAS,MAAM;AACvB,aAAO,QAAQ;AAAA,QACb,MAAM;AAAA,MACR,CAAC;AAAA,IACH,CAAC;;;;;;;;;;;;;;;;;;uBAIC,aAWmB,8BAXA,QAAQ,cAAM;AAAA,IA7CnC,kBA8CI,MASkB;AAAA,MATlB,aASkB;AAAA,QARf,YAAY;AAAA,QACZ,OAAO;AAAA,QACR,OAAM;AAAA;QAjDZ,kBAmDM,MAAc;AAAA,UAAd,aAAc;AAAA,UACd,aAAiB;AAAA,UACjB,aAAqB;AAAA,UACrB,aAAoB;AAAA;QAtD1B;AAAA;AAAA;;IAAA;AAAA;AAAA","names":[],"ignoreList":[],"sources":["/Users/kirylmaltsav/Workspace/vue-project-template/src/App.vue"],"file":"/Users/kirylmaltsav/Workspace/vue-project-template/src/App.vue"},"_coverageSchema":"1a1c01bbd47fc00a2c39e90264f33305004495a9","hash":"d58157a9d7ebd92379d6a3afeb2e193463e02473"},"/Users/kirylmaltsav/Workspace/vue-project-template/src/component-styles/index.ts":{"path":"/Users/kirylmaltsav/Workspace/vue-project-template/src/component-styles/index.ts","statementMap":{"0":{"start":{"line":2,"column":2},"end":{"line":2,"column":65}}},"fnMap":{"0":{"name":"setupCustomStyles","decl":{"start":{"line":1,"column":16},"end":{"line":1,"column":33}},"loc":{"start":{"line":1,"column":36},"end":{"line":3,"column":1}},"line":1}},"branchMap":{},"s":{"0":1},"f":{"0":1},"b":{},"inputSourceMap":{"version":3,"sources":["/Users/kirylmaltsav/Workspace/vue-project-template/src/component-styles/index.ts"],"mappings":"AAAO,gBAAS,oBAA0B;AACxC,SAAO,sDAAsD;AAC/D;","names":[]},"_coverageSchema":"1a1c01bbd47fc00a2c39e90264f33305004495a9","hash":"6ad1e6f89e9096bab3826a8543163e76bf41c136"},"/Users/kirylmaltsav/Workspace/vue-project-template/src/icons/icons.ts":{"path":"/Users/kirylmaltsav/Workspace/vue-project-template/src/icons/icons.ts","statementMap":{"0":{"start":{"line":1,"column":21},"end":{"line":14,"column":1}}},"fnMap":{},"branchMap":{},"s":{"0":1},"f":{},"b":{},"inputSourceMap":{"version":3,"sources":["/Users/kirylmaltsav/Workspace/vue-project-template/src/icons/icons.ts"],"mappings":"AAEO,aAAM,QAAQ;AAAA,EACnB,WAAW,OAAO,qBAAqB;AAAA,EACvC,gBAAgB,OAAO,0BAA0B;AAAA,EACjD,kBAAkB,OAAO,4BAA4B;AAAA,EACrD,mBAAmB,OAAO,6BAA6B;AAAA,EACvD,OAAO,OAAO,iBAAiB;AAAA,EAC/B,MAAM,OAAO,gBAAgB;AAAA,EAC7B,YAAY,OAAO,sBAAsB;AAAA,EACzC,QAAQ,OAAO,kBAAkB;AAAA,EACjC,QAAQ,OAAO,kBAAkB;AAAA,EACjC,OAAO,OAAO,iBAAiB;AAAA,EAC/B,WAAW,OAAO,qBAAqB;AAAA,EACvC,WAAW,OAAO,iBAAiB;AACrC;","names":[]},"_coverageSchema":"1a1c01bbd47fc00a2c39e90264f33305004495a9","hash":"9d0749175ba856edeebb34db3c83ca7346c4d747"},"/Users/kirylmaltsav/Workspace/vue-project-template/src/middlewares/auth.middleware.ts":{"path":"/Users/kirylmaltsav/Workspace/vue-project-template/src/middlewares/auth.middleware.ts","statementMap":{"0":{"start":{"line":4,"column":30},"end":{"line":21,"column":2}},"1":{"start":{"line":5,"column":20},"end":{"line":5,"column":34}},"2":{"start":{"line":6,"column":21},"end":{"line":6,"column":49}},"3":{"start":{"line":7,"column":2},"end":{"line":11,"column":3}},"4":{"start":{"line":8,"column":4},"end":{"line":10,"column":6}},"5":{"start":{"line":12,"column":2},"end":{"line":20,"column":3}},"6":{"start":{"line":13,"column":4},"end":{"line":13,"column":34}},"7":{"start":{"line":15,"column":4},"end":{"line":15,"column":23}},"8":{"start":{"line":16,"column":4},"end":{"line":16,"column":31}},"9":{"start":{"line":17,"column":4},"end":{"line":19,"column":6}}},"fnMap":{"0":{"name":"(anonymous_0)","decl":{"start":{"line":4,"column":62},"end":{"line":4,"column":63}},"loc":{"start":{"line":4,"column":74},"end":{"line":21,"column":1}},"line":4}},"branchMap":{"0":{"loc":{"start":{"line":7,"column":2},"end":{"line":11,"column":3}},"type":"if","locations":[{"start":{"line":7,"column":2},"end":{"line":11,"column":3}},{"start":{},"end":{}}],"line":7}},"s":{"0":1,"1":1,"2":1,"3":1,"4":0,"5":1,"6":1,"7":0,"8":0,"9":0},"f":{"0":1},"b":{"0":[0,1]},"inputSourceMap":{"version":3,"sources":["/Users/kirylmaltsav/Workspace/vue-project-template/src/middlewares/auth.middleware.ts"],"mappings":"AAAA,SAAS,oBAAoB;AAC7B,SAAS,kBAAkB;AAC3B,SAAS,sBAAsB;AAExB,aAAM,iBAAiB,eAAe,iBAAiB,YAAY;AACxE,QAAM,YAAY,aAAa;AAC/B,QAAM,aAAa,MAAM,UAAU,WAAW;AAE9C,MAAI,CAAC,YAAY;AACf,WAAO;AAAA,MACL,MAAM;AAAA,IACR;AAAA,EACF;AAEA,MAAI;AACF,UAAM,UAAU,YAAY;AAAA,EAC9B,SACO,OAAO;AACZ,cAAU,OAAO;AAEjB,eAAW,SAAS,KAAK;AAEzB,WAAO;AAAA,MACL,MAAM;AAAA,IACR;AAAA,EACF;AACF,CAAC;","names":[]},"_coverageSchema":"1a1c01bbd47fc00a2c39e90264f33305004495a9","hash":"27791ef054b993e60ff7b5f791379870bb0329db"},"/Users/kirylmaltsav/Workspace/vue-project-template/src/middlewares/guest.middleware.ts":{"path":"/Users/kirylmaltsav/Workspace/vue-project-template/src/middlewares/guest.middleware.ts","statementMap":{"0":{"start":{"line":3,"column":21},"end":{"line":12,"column":2}},"1":{"start":{"line":4,"column":20},"end":{"line":4,"column":34}},"2":{"start":{"line":5,"column":21},"end":{"line":5,"column":49}},"3":{"start":{"line":6,"column":2},"end":{"line":8,"column":3}},"4":{"start":{"line":7,"column":4},"end":{"line":7,"column":11}},"5":{"start":{"line":9,"column":2},"end":{"line":11,"column":4}}},"fnMap":{"0":{"name":"(anonymous_0)","decl":{"start":{"line":3,"column":53},"end":{"line":3,"column":54}},"loc":{"start":{"line":3,"column":65},"end":{"line":12,"column":1}},"line":3}},"branchMap":{"0":{"loc":{"start":{"line":6,"column":2},"end":{"line":8,"column":3}},"type":"if","locations":[{"start":{"line":6,"column":2},"end":{"line":8,"column":3}},{"start":{},"end":{}}],"line":6}},"s":{"0":1,"1":0,"2":0,"3":0,"4":0,"5":0},"f":{"0":0},"b":{"0":[0,0]},"inputSourceMap":{"version":3,"sources":["/Users/kirylmaltsav/Workspace/vue-project-template/src/middlewares/guest.middleware.ts"],"mappings":"AAAA,SAAS,oBAAoB;AAC7B,SAAS,sBAAsB;AAExB,aAAM,QAAQ,eAAe,iBAAiB,YAAY;AAC/D,QAAM,YAAY,aAAa;AAE/B,QAAM,aAAa,MAAM,UAAU,WAAW;AAE9C,MAAI,CAAC,YAAY;AACf;AAAA,EACF;AAEA,SAAO;AAAA,IACL,MAAM;AAAA,EACR;AACF,CAAC;","names":[]},"_coverageSchema":"1a1c01bbd47fc00a2c39e90264f33305004495a9","hash":"52e740196a5e056bd42a9e86f1c08f58d727e9e6"},"/Users/kirylmaltsav/Workspace/vue-project-template/src/modules/auth/routes/auth.routes.ts":{"path":"/Users/kirylmaltsav/Workspace/vue-project-template/src/modules/auth/routes/auth.routes.ts","statementMap":{"0":{"start":{"line":2,"column":26},"end":{"line":32,"column":1}},"1":{"start":{"line":5,"column":21},"end":{"line":5,"column":71}},"2":{"start":{"line":13,"column":25},"end":{"line":13,"column":88}},"3":{"start":{"line":23,"column":25},"end":{"line":23,"column":94}},"4":{"start":{"line":28,"column":25},"end":{"line":28,"column":90}}},"fnMap":{"0":{"name":"(anonymous_0)","decl":{"start":{"line":5,"column":15},"end":{"line":5,"column":16}},"loc":{"start":{"line":5,"column":21},"end":{"line":5,"column":71}},"line":5},"1":{"name":"(anonymous_1)","decl":{"start":{"line":13,"column":19},"end":{"line":13,"column":20}},"loc":{"start":{"line":13,"column":25},"end":{"line":13,"column":88}},"line":13},"2":{"name":"(anonymous_2)","decl":{"start":{"line":23,"column":19},"end":{"line":23,"column":20}},"loc":{"start":{"line":23,"column":25},"end":{"line":23,"column":94}},"line":23},"3":{"name":"(anonymous_3)","decl":{"start":{"line":28,"column":19},"end":{"line":28,"column":20}},"loc":{"start":{"line":28,"column":25},"end":{"line":28,"column":90}},"line":28}},"branchMap":{},"s":{"0":1,"1":1,"2":0,"3":1,"4":0},"f":{"0":1,"1":0,"2":1,"3":0},"b":{},"inputSourceMap":{"version":3,"sources":["/Users/kirylmaltsav/Workspace/vue-project-template/src/modules/auth/routes/auth.routes.ts"],"mappings":"AAGA,SAAS,aAAa;AAEf,aAAM,aAAa;AAAA,EACxB;AAAA,IACE,MAAM;AAAA,IACN,WAAW,MAAiB,OAAO,0CAA0C;AAAA,IAC7E,UAAU;AAAA,MACR,MAAM;AAAA,IACR;AAAA,IACA,UAAU;AAAA,MACR;AAAA,QACE,MAAM;AAAA,QACN,MAAM;AAAA,QACN,WAAW,MAAiB,OAAO,uDAAuD;AAAA,QAC1F,MAAM;AAAA,UACJ,YAAY;AAAA,YACV;AAAA,UACF;AAAA,QACF;AAAA,MACF;AAAA,MACA;AAAA,QACE,MAAM;AAAA,QACN,MAAM;AAAA,QACN,WAAW,MAAiB,OAAO,6DAA6D;AAAA,MAClG;AAAA,MACA;AAAA,QACE,MAAM;AAAA,QACN,MAAM;AAAA,QACN,WAAW,MAAiB,OAAO,yDAAyD;AAAA,MAC9F;AAAA,IACF;AAAA,EACF;AACF;","names":[]},"_coverageSchema":"1a1c01bbd47fc00a2c39e90264f33305004495a9","hash":"cfa161882e41ee93cb389069cbd2121818d5472e"},"/Users/kirylmaltsav/Workspace/vue-project-template/src/modules/user/routes/user.routes.ts":{"path":"/Users/kirylmaltsav/Workspace/vue-project-template/src/modules/user/routes/user.routes.ts","statementMap":{"0":{"start":{"line":1,"column":26},"end":{"line":24,"column":1}},"1":{"start":{"line":8,"column":25},"end":{"line":8,"column":94}},"2":{"start":{"line":14,"column":25},"end":{"line":14,"column":102}},"3":{"start":{"line":20,"column":25},"end":{"line":20,"column":102}}},"fnMap":{"0":{"name":"(anonymous_0)","decl":{"start":{"line":8,"column":19},"end":{"line":8,"column":20}},"loc":{"start":{"line":8,"column":25},"end":{"line":8,"column":94}},"line":8},"1":{"name":"(anonymous_1)","decl":{"start":{"line":14,"column":19},"end":{"line":14,"column":20}},"loc":{"start":{"line":14,"column":25},"end":{"line":14,"column":102}},"line":14},"2":{"name":"(anonymous_2)","decl":{"start":{"line":20,"column":19},"end":{"line":20,"column":20}},"loc":{"start":{"line":20,"column":25},"end":{"line":20,"column":102}},"line":20}},"branchMap":{},"s":{"0":1,"1":1,"2":0,"3":0},"f":{"0":1,"1":0,"2":0},"b":{},"inputSourceMap":{"version":3,"sources":["/Users/kirylmaltsav/Workspace/vue-project-template/src/modules/user/routes/user.routes.ts"],"mappings":"AAGO,aAAM,aAAa;AAAA,EACxB;AAAA,IACE,MAAM;AAAA,IACN,UAAU;AAAA,MACR;AAAA,QACE,MAAM;AAAA,QACN,MAAM;AAAA,QACN,WAAW,MAAiB,OAAO,6DAA6D;AAAA,MAClG;AAAA,MACA;AAAA,QACE,MAAM;AAAA,QACN,OAAO;AAAA,QACP,MAAM;AAAA,QACN,WAAW,MAAiB,OAAO,qEAAqE;AAAA,MAC1G;AAAA,MACA;AAAA,QACE,MAAM;AAAA,QACN,OAAO;AAAA,QACP,MAAM;AAAA,QACN,WAAW,MAAiB,OAAO,qEAAqE;AAAA,MAC1G;AAAA,IACF;AAAA,EACF;AACF;","names":[]},"_coverageSchema":"1a1c01bbd47fc00a2c39e90264f33305004495a9","hash":"a3fe0ee34519920ef3d22e5e1a37baae1793a615"},"/Users/kirylmaltsav/Workspace/vue-project-template/src/routes/routes.ts":{"path":"/Users/kirylmaltsav/Workspace/vue-project-template/src/routes/routes.ts","statementMap":{"0":{"start":{"line":4,"column":22},"end":{"line":38,"column":1}},"1":{"start":{"line":7,"column":21},"end":{"line":7,"column":83}}},"fnMap":{"0":{"name":"(anonymous_0)","decl":{"start":{"line":7,"column":15},"end":{"line":7,"column":16}},"loc":{"start":{"line":7,"column":21},"end":{"line":7,"column":83}},"line":7}},"branchMap":{},"s":{"0":1,"1":1},"f":{"0":1},"b":{},"inputSourceMap":{"version":3,"sources":["/Users/kirylmaltsav/Workspace/vue-project-template/src/routes/routes.ts"],"mappings":"AAKA,SAAS,sBAAsB;AAC/B,SAAS,kBAAkB;AAC3B,SAAS,kBAAkB;AAGpB,aAAM,SAAS;AAAA,EACpB;AAAA,IACE,MAAM;AAAA,IACN,WAAW,MAAiB,OAAO,sDAAsD;AAAA,IACzF,MAAM;AAAA,MACJ,YAAY;AAAA,QACV;AAAA,MACF;AAAA,IACF;AAAA,IACA,UAAU;AAAA,MACR;AAAA,QACE,MAAM;AAAA,QACN,MAAM;AAAA,QACN,UAAU;AAAA,UACR,MAAM;AAAA,QACR;AAAA,MACF;AAAA;AAAA;AAAA;AAAA,MAIA,GAAG;AAAA,IACL;AAAA,EACF;AAAA;AAAA;AAAA;AAAA,EAIA,GAAG;AAAA,EACH;AAAA,IACE,MAAM;AAAA,IACN,MAAM;AAAA,IACN,UAAU;AAAA,MACR,MAAM;AAAA,IACR;AAAA,EACF;AACF;","names":[]},"_coverageSchema":"1a1c01bbd47fc00a2c39e90264f33305004495a9","hash":"c17c0d4242a361c23a29529188a814fd25f74884"},"/Users/kirylmaltsav/Workspace/vue-project-template/src/main.ts":{"path":"/Users/kirylmaltsav/Workspace/vue-project-template/src/main.ts","statementMap":{"0":{"start":{"line":18,"column":0},"end":{"line":18,"column":19}},"1":{"start":{"line":19,"column":0},"end":{"line":19,"column":15}},"2":{"start":{"line":20,"column":0},"end":{"line":20,"column":21}},"3":{"start":{"line":21,"column":0},"end":{"line":21,"column":20}},"4":{"start":{"line":22,"column":0},"end":{"line":30,"column":3}},"5":{"start":{"line":23,"column":14},"end":{"line":23,"column":31}},"6":{"start":{"line":24,"column":2},"end":{"line":24,"column":22}},"7":{"start":{"line":25,"column":2},"end":{"line":25,"column":23}},"8":{"start":{"line":26,"column":2},"end":{"line":26,"column":24}},"9":{"start":{"line":27,"column":2},"end":{"line":27,"column":26}},"10":{"start":{"line":28,"column":2},"end":{"line":28,"column":20}},"11":{"start":{"line":29,"column":2},"end":{"line":29,"column":20}}},"fnMap":{"0":{"name":"(anonymous_0)","decl":{"start":{"line":22,"column":23},"end":{"line":22,"column":24}},"loc":{"start":{"line":22,"column":29},"end":{"line":30,"column":1}},"line":22}},"branchMap":{},"s":{"0":1,"1":1,"2":1,"3":1,"4":1,"5":1,"6":1,"7":1,"8":1,"9":1,"10":1,"11":1},"f":{"0":1},"b":{},"inputSourceMap":{"version":3,"sources":["/Users/kirylmaltsav/Workspace/vue-project-template/src/main.ts"],"mappings":"AAAA,OAAO;AACP,OAAO;AAEP;AAAA,EACE;AAAA,EACA;AAAA,OACK;AACP,SAAS,aAAa,oBAAoB;AAE1C,OAAO,SAAS;AAChB,SAAS,yBAAyB;AAClC,SAAS,uBAAuB;AAChC,SAAS,oBAAoB;AAC7B,SAAS,aAAa;AACtB,SAAS,uBAAuB;AAChC,SAAS,kBAAkB;AAC3B,SAAS,mBAAmB;AAC5B,SAAS,oBAAoB;AAC7B,SAAS,sBAAsB;AAE/B,YAAY,KAAK;AACjB,aAAa;AACb,mBAAmB;AACnB,kBAAkB;AAElB,gBAAgB,EAAE,KAAK,MAAM;AAC3B,QAAM,MAAM,aAAa,GAAG;AAE5B,MAAI,IAAI,UAAU;AAClB,MAAI,IAAI,WAAW;AACnB,MAAI,IAAI,YAAY;AACpB,MAAI,IAAI,cAAc;AAEtB,MAAI,MAAM,MAAM;AAEhB,kBAAgB;AAClB,CAAC;","names":[]},"_coverageSchema":"1a1c01bbd47fc00a2c39e90264f33305004495a9","hash":"77ccc18e9e27f228900d264aa408a2e9da1d3985"},"/Users/kirylmaltsav/Workspace/vue-project-template/src/icons/AppleLogoIcon.vue":{"path":"/Users/kirylmaltsav/Workspace/vue-project-template/src/icons/AppleLogoIcon.vue","statementMap":{"0":{"start":{"line":1,"column":18},"end":{"line":1,"column":22}},"1":{"start":{"line":4,"column":19},"end":{"line":10,"column":1}},"2":{"start":{"line":13,"column":2},"end":{"line":18,"column":6}},"3":{"start":{"line":22,"column":0},"end":{"line":22,"column":30}},"4":{"start":{"line":23,"column":0},"end":{"line":23,"column":108}},"5":{"start":{"line":24,"column":0},"end":{"line":26,"column":2}},"6":{"start":{"line":25,"column":2},"end":{"line":25,"column":41}},"7":{"start":{"line":27,"column":0},"end":{"line":35,"column":2}},"8":{"start":{"line":28,"column":2},"end":{"line":28,"column":18}},"9":{"start":{"line":28,"column":12},"end":{"line":28,"column":18}},"10":{"start":{"line":29,"column":47},"end":{"line":29,"column":50}},"11":{"start":{"line":30,"column":2},"end":{"line":34,"column":3}},"12":{"start":{"line":31,"column":4},"end":{"line":31,"column":65}},"13":{"start":{"line":33,"column":4},"end":{"line":33,"column":56}}},"fnMap":{"0":{"name":"_sfc_render","decl":{"start":{"line":12,"column":9},"end":{"line":12,"column":20}},"loc":{"start":{"line":12,"column":35},"end":{"line":19,"column":1}},"line":12},"1":{"name":"(anonymous_1)","decl":{"start":{"line":24,"column":35},"end":{"line":24,"column":36}},"loc":{"start":{"line":24,"column":49},"end":{"line":26,"column":1}},"line":24},"2":{"name":"(anonymous_2)","decl":{"start":{"line":27,"column":23},"end":{"line":27,"column":24}},"loc":{"start":{"line":27,"column":30},"end":{"line":35,"column":1}},"line":27}},"branchMap":{"0":{"loc":{"start":{"line":13,"column":63},"end":{"line":18,"column":4}},"type":"binary-expr","locations":[{"start":{"line":13,"column":63},"end":{"line":13,"column":72}},{"start":{"line":13,"column":77},"end":{"line":18,"column":3}}],"line":13},"1":{"loc":{"start":{"line":23,"column":0},"end":{"line":23,"column":108}},"type":"binary-expr","locations":[{"start":{"line":23,"column":0},"end":{"line":23,"column":42}},{"start":{"line":23,"column":46},"end":{"line":23,"column":108}}],"line":23},"2":{"loc":{"start":{"line":28,"column":2},"end":{"line":28,"column":18}},"type":"if","locations":[{"start":{"line":28,"column":2},"end":{"line":28,"column":18}},{"start":{},"end":{}}],"line":28},"3":{"loc":{"start":{"line":30,"column":2},"end":{"line":34,"column":3}},"type":"if","locations":[{"start":{"line":30,"column":2},"end":{"line":34,"column":3}},{"start":{"line":32,"column":9},"end":{"line":34,"column":3}}],"line":30}},"s":{"0":1,"1":1,"2":0,"3":1,"4":1,"5":1,"6":0,"7":1,"8":0,"9":0,"10":0,"11":0,"12":0,"13":0},"f":{"0":0,"1":0,"2":0},"b":{"0":[0,0],"1":[1,1],"2":[0,0],"3":[0,0]},"inputSourceMap":{"version":3,"sources":["/Users/kirylmaltsav/Workspace/vue-project-template/src/icons/AppleLogoIcon.vue"],"names":[],"mappings":";;;EAEI,KAAK,EAAC,MAAM;EACZ,MAAM,EAAC,MAAM;EACb,OAAO,EAAC,WAAW;EACnB,IAAI,EAAC,MAAM;EACX,KAAK,EAAC,4BAA4B;;;;wBALpC,oBAWM,OAXN,UAWM;IAJJ,oBAGE;MAFA,CAAC,EAAC,w7CAAw7C;MAC17C,IAAI,EAAC,cAAc"},"_coverageSchema":"1a1c01bbd47fc00a2c39e90264f33305004495a9","hash":"4f78d4154c04710f44ca7988932875c372580728"},"/Users/kirylmaltsav/Workspace/vue-project-template/src/icons/BarChartSquareIcon.vue":{"path":"/Users/kirylmaltsav/Workspace/vue-project-template/src/icons/BarChartSquareIcon.vue","statementMap":{"0":{"start":{"line":1,"column":18},"end":{"line":1,"column":22}},"1":{"start":{"line":4,"column":19},"end":{"line":10,"column":1}},"2":{"start":{"line":13,"column":2},"end":{"line":21,"column":6}},"3":{"start":{"line":25,"column":0},"end":{"line":25,"column":30}},"4":{"start":{"line":26,"column":0},"end":{"line":26,"column":108}},"5":{"start":{"line":27,"column":0},"end":{"line":29,"column":2}},"6":{"start":{"line":28,"column":2},"end":{"line":28,"column":41}},"7":{"start":{"line":30,"column":0},"end":{"line":38,"column":2}},"8":{"start":{"line":31,"column":2},"end":{"line":31,"column":18}},"9":{"start":{"line":31,"column":12},"end":{"line":31,"column":18}},"10":{"start":{"line":32,"column":47},"end":{"line":32,"column":50}},"11":{"start":{"line":33,"column":2},"end":{"line":37,"column":3}},"12":{"start":{"line":34,"column":4},"end":{"line":34,"column":65}},"13":{"start":{"line":36,"column":4},"end":{"line":36,"column":56}}},"fnMap":{"0":{"name":"_sfc_render","decl":{"start":{"line":12,"column":9},"end":{"line":12,"column":20}},"loc":{"start":{"line":12,"column":35},"end":{"line":22,"column":1}},"line":12},"1":{"name":"(anonymous_1)","decl":{"start":{"line":27,"column":35},"end":{"line":27,"column":36}},"loc":{"start":{"line":27,"column":49},"end":{"line":29,"column":1}},"line":27},"2":{"name":"(anonymous_2)","decl":{"start":{"line":30,"column":23},"end":{"line":30,"column":24}},"loc":{"start":{"line":30,"column":30},"end":{"line":38,"column":1}},"line":30}},"branchMap":{"0":{"loc":{"start":{"line":13,"column":63},"end":{"line":21,"column":4}},"type":"binary-expr","locations":[{"start":{"line":13,"column":63},"end":{"line":13,"column":72}},{"start":{"line":13,"column":77},"end":{"line":21,"column":3}}],"line":13},"1":{"loc":{"start":{"line":26,"column":0},"end":{"line":26,"column":108}},"type":"binary-expr","locations":[{"start":{"line":26,"column":0},"end":{"line":26,"column":42}},{"start":{"line":26,"column":46},"end":{"line":26,"column":108}}],"line":26},"2":{"loc":{"start":{"line":31,"column":2},"end":{"line":31,"column":18}},"type":"if","locations":[{"start":{"line":31,"column":2},"end":{"line":31,"column":18}},{"start":{},"end":{}}],"line":31},"3":{"loc":{"start":{"line":33,"column":2},"end":{"line":37,"column":3}},"type":"if","locations":[{"start":{"line":33,"column":2},"end":{"line":37,"column":3}},{"start":{"line":35,"column":9},"end":{"line":37,"column":3}}],"line":33}},"s":{"0":1,"1":1,"2":2,"3":1,"4":1,"5":1,"6":0,"7":1,"8":0,"9":0,"10":0,"11":0,"12":0,"13":0},"f":{"0":2,"1":0,"2":0},"b":{"0":[2,2],"1":[1,1],"2":[0,0],"3":[0,0]},"inputSourceMap":{"version":3,"sources":["/Users/kirylmaltsav/Workspace/vue-project-template/src/icons/BarChartSquareIcon.vue"],"names":[],"mappings":";;;EAEI,KAAK,EAAC,MAAM;EACZ,MAAM,EAAC,MAAM;EACb,OAAO,EAAC,WAAW;EACnB,IAAI,EAAC,MAAM;EACX,KAAK,EAAC,4BAA4B;;;;wBALpC,oBAcM,OAdN,UAcM;IAPJ,oBAME;MALA,CAAC,EAAC,6eAA6e;MAC/e,MAAM,EAAC,cAAc;MACrB,cAAY,EAAC,KAAK;MAClB,gBAAc,EAAC,OAAO;MACtB,iBAAe,EAAC,OAAO"},"_coverageSchema":"1a1c01bbd47fc00a2c39e90264f33305004495a9","hash":"0aa870715f221290b040a4c4aa9b923b9e87aea0"},"/Users/kirylmaltsav/Workspace/vue-project-template/src/icons/BottomLeftCornerIcon.vue":{"path":"/Users/kirylmaltsav/Workspace/vue-project-template/src/icons/BottomLeftCornerIcon.vue","statementMap":{"0":{"start":{"line":1,"column":18},"end":{"line":1,"column":22}},"1":{"start":{"line":4,"column":19},"end":{"line":8,"column":1}},"2":{"start":{"line":11,"column":2},"end":{"line":17,"column":6}},"3":{"start":{"line":21,"column":0},"end":{"line":21,"column":30}},"4":{"start":{"line":22,"column":0},"end":{"line":22,"column":108}},"5":{"start":{"line":23,"column":0},"end":{"line":25,"column":2}},"6":{"start":{"line":24,"column":2},"end":{"line":24,"column":41}},"7":{"start":{"line":26,"column":0},"end":{"line":34,"column":2}},"8":{"start":{"line":27,"column":2},"end":{"line":27,"column":18}},"9":{"start":{"line":27,"column":12},"end":{"line":27,"column":18}},"10":{"start":{"line":28,"column":47},"end":{"line":28,"column":50}},"11":{"start":{"line":29,"column":2},"end":{"line":33,"column":3}},"12":{"start":{"line":30,"column":4},"end":{"line":30,"column":65}},"13":{"start":{"line":32,"column":4},"end":{"line":32,"column":56}}},"fnMap":{"0":{"name":"_sfc_render","decl":{"start":{"line":10,"column":9},"end":{"line":10,"column":20}},"loc":{"start":{"line":10,"column":35},"end":{"line":18,"column":1}},"line":10},"1":{"name":"(anonymous_1)","decl":{"start":{"line":23,"column":35},"end":{"line":23,"column":36}},"loc":{"start":{"line":23,"column":49},"end":{"line":25,"column":1}},"line":23},"2":{"name":"(anonymous_2)","decl":{"start":{"line":26,"column":23},"end":{"line":26,"column":24}},"loc":{"start":{"line":26,"column":30},"end":{"line":34,"column":1}},"line":26}},"branchMap":{"0":{"loc":{"start":{"line":11,"column":63},"end":{"line":17,"column":4}},"type":"binary-expr","locations":[{"start":{"line":11,"column":63},"end":{"line":11,"column":72}},{"start":{"line":11,"column":77},"end":{"line":17,"column":3}}],"line":11},"1":{"loc":{"start":{"line":22,"column":0},"end":{"line":22,"column":108}},"type":"binary-expr","locations":[{"start":{"line":22,"column":0},"end":{"line":22,"column":42}},{"start":{"line":22,"column":46},"end":{"line":22,"column":108}}],"line":22},"2":{"loc":{"start":{"line":27,"column":2},"end":{"line":27,"column":18}},"type":"if","locations":[{"start":{"line":27,"column":2},"end":{"line":27,"column":18}},{"start":{},"end":{}}],"line":27},"3":{"loc":{"start":{"line":29,"column":2},"end":{"line":33,"column":3}},"type":"if","locations":[{"start":{"line":29,"column":2},"end":{"line":33,"column":3}},{"start":{"line":31,"column":9},"end":{"line":33,"column":3}}],"line":29}},"s":{"0":1,"1":1,"2":0,"3":1,"4":1,"5":1,"6":0,"7":1,"8":0,"9":0,"10":0,"11":0,"12":0,"13":0},"f":{"0":0,"1":0,"2":0},"b":{"0":[0,0],"1":[1,1],"2":[0,0],"3":[0,0]},"inputSourceMap":{"version":3,"sources":["/Users/kirylmaltsav/Workspace/vue-project-template/src/icons/BottomLeftCornerIcon.vue"],"names":[],"mappings":";;;EAEI,OAAO,EAAC,UAAU;EAClB,IAAI,EAAC,MAAM;EACX,KAAK,EAAC,4BAA4B;;;;wBAHpC,oBAUM,OAVN,UAUM;IALJ,oBAIE;MAHA,CAAC,EAAC,cAAc;MAChB,KAAK,EAAC,gBAAgB;MACtB,gBAAc,EAAC,OAAO"},"_coverageSchema":"1a1c01bbd47fc00a2c39e90264f33305004495a9","hash":"61ec0eb501ef10e7f85654e6e085795309b09b89"},"/Users/kirylmaltsav/Workspace/vue-project-template/src/icons/BottomRightCornerIcon.vue":{"path":"/Users/kirylmaltsav/Workspace/vue-project-template/src/icons/BottomRightCornerIcon.vue","statementMap":{"0":{"start":{"line":1,"column":18},"end":{"line":1,"column":22}},"1":{"start":{"line":4,"column":19},"end":{"line":8,"column":1}},"2":{"start":{"line":11,"column":2},"end":{"line":19,"column":6}},"3":{"start":{"line":23,"column":0},"end":{"line":23,"column":30}},"4":{"start":{"line":24,"column":0},"end":{"line":24,"column":108}},"5":{"start":{"line":25,"column":0},"end":{"line":27,"column":2}},"6":{"start":{"line":26,"column":2},"end":{"line":26,"column":41}},"7":{"start":{"line":28,"column":0},"end":{"line":36,"column":2}},"8":{"start":{"line":29,"column":2},"end":{"line":29,"column":18}},"9":{"start":{"line":29,"column":12},"end":{"line":29,"column":18}},"10":{"start":{"line":30,"column":47},"end":{"line":30,"column":50}},"11":{"start":{"line":31,"column":2},"end":{"line":35,"column":3}},"12":{"start":{"line":32,"column":4},"end":{"line":32,"column":65}},"13":{"start":{"line":34,"column":4},"end":{"line":34,"column":56}}},"fnMap":{"0":{"name":"_sfc_render","decl":{"start":{"line":10,"column":9},"end":{"line":10,"column":20}},"loc":{"start":{"line":10,"column":35},"end":{"line":20,"column":1}},"line":10},"1":{"name":"(anonymous_1)","decl":{"start":{"line":25,"column":35},"end":{"line":25,"column":36}},"loc":{"start":{"line":25,"column":49},"end":{"line":27,"column":1}},"line":25},"2":{"name":"(anonymous_2)","decl":{"start":{"line":28,"column":23},"end":{"line":28,"column":24}},"loc":{"start":{"line":28,"column":30},"end":{"line":36,"column":1}},"line":28}},"branchMap":{"0":{"loc":{"start":{"line":11,"column":63},"end":{"line":19,"column":4}},"type":"binary-expr","locations":[{"start":{"line":11,"column":63},"end":{"line":11,"column":72}},{"start":{"line":11,"column":77},"end":{"line":19,"column":3}}],"line":11},"1":{"loc":{"start":{"line":24,"column":0},"end":{"line":24,"column":108}},"type":"binary-expr","locations":[{"start":{"line":24,"column":0},"end":{"line":24,"column":42}},{"start":{"line":24,"column":46},"end":{"line":24,"column":108}}],"line":24},"2":{"loc":{"start":{"line":29,"column":2},"end":{"line":29,"column":18}},"type":"if","locations":[{"start":{"line":29,"column":2},"end":{"line":29,"column":18}},{"start":{},"end":{}}],"line":29},"3":{"loc":{"start":{"line":31,"column":2},"end":{"line":35,"column":3}},"type":"if","locations":[{"start":{"line":31,"column":2},"end":{"line":35,"column":3}},{"start":{"line":33,"column":9},"end":{"line":35,"column":3}}],"line":31}},"s":{"0":1,"1":1,"2":0,"3":1,"4":1,"5":1,"6":0,"7":1,"8":0,"9":0,"10":0,"11":0,"12":0,"13":0},"f":{"0":0,"1":0,"2":0},"b":{"0":[0,0],"1":[1,1],"2":[0,0],"3":[0,0]},"inputSourceMap":{"version":3,"sources":["/Users/kirylmaltsav/Workspace/vue-project-template/src/icons/BottomRightCornerIcon.vue"],"names":[],"mappings":";;;EAEI,OAAO,EAAC,WAAW;EACnB,IAAI,EAAC,MAAM;EACX,KAAK,EAAC,4BAA4B;;;;wBAHpC,oBAYM,OAZN,UAYM;IAPJ,oBAME;MALA,CAAC,EAAC,6OAA6O;MAC/O,KAAK,EAAC,gBAAgB;MACtB,cAAY,EAAC,MAAM;MACnB,gBAAc,EAAC,OAAO;MACtB,iBAAe,EAAC,OAAO"},"_coverageSchema":"1a1c01bbd47fc00a2c39e90264f33305004495a9","hash":"4b5068a97f03b86b78574b3709928e44daa691d5"},"/Users/kirylmaltsav/Workspace/vue-project-template/src/icons/BrushIcon.vue":{"path":"/Users/kirylmaltsav/Workspace/vue-project-template/src/icons/BrushIcon.vue","statementMap":{"0":{"start":{"line":1,"column":18},"end":{"line":1,"column":22}},"1":{"start":{"line":4,"column":19},"end":{"line":7,"column":1}},"2":{"start":{"line":10,"column":2},"end":{"line":18,"column":6}},"3":{"start":{"line":22,"column":0},"end":{"line":22,"column":30}},"4":{"start":{"line":23,"column":0},"end":{"line":23,"column":108}},"5":{"start":{"line":24,"column":0},"end":{"line":26,"column":2}},"6":{"start":{"line":25,"column":2},"end":{"line":25,"column":41}},"7":{"start":{"line":27,"column":0},"end":{"line":35,"column":2}},"8":{"start":{"line":28,"column":2},"end":{"line":28,"column":18}},"9":{"start":{"line":28,"column":12},"end":{"line":28,"column":18}},"10":{"start":{"line":29,"column":47},"end":{"line":29,"column":50}},"11":{"start":{"line":30,"column":2},"end":{"line":34,"column":3}},"12":{"start":{"line":31,"column":4},"end":{"line":31,"column":65}},"13":{"start":{"line":33,"column":4},"end":{"line":33,"column":56}}},"fnMap":{"0":{"name":"_sfc_render","decl":{"start":{"line":9,"column":9},"end":{"line":9,"column":20}},"loc":{"start":{"line":9,"column":35},"end":{"line":19,"column":1}},"line":9},"1":{"name":"(anonymous_1)","decl":{"start":{"line":24,"column":35},"end":{"line":24,"column":36}},"loc":{"start":{"line":24,"column":49},"end":{"line":26,"column":1}},"line":24},"2":{"name":"(anonymous_2)","decl":{"start":{"line":27,"column":23},"end":{"line":27,"column":24}},"loc":{"start":{"line":27,"column":30},"end":{"line":35,"column":1}},"line":27}},"branchMap":{"0":{"loc":{"start":{"line":10,"column":63},"end":{"line":18,"column":4}},"type":"binary-expr","locations":[{"start":{"line":10,"column":63},"end":{"line":10,"column":72}},{"start":{"line":10,"column":77},"end":{"line":18,"column":3}}],"line":10},"1":{"loc":{"start":{"line":23,"column":0},"end":{"line":23,"column":108}},"type":"binary-expr","locations":[{"start":{"line":23,"column":0},"end":{"line":23,"column":42}},{"start":{"line":23,"column":46},"end":{"line":23,"column":108}}],"line":23},"2":{"loc":{"start":{"line":28,"column":2},"end":{"line":28,"column":18}},"type":"if","locations":[{"start":{"line":28,"column":2},"end":{"line":28,"column":18}},{"start":{},"end":{}}],"line":28},"3":{"loc":{"start":{"line":30,"column":2},"end":{"line":34,"column":3}},"type":"if","locations":[{"start":{"line":30,"column":2},"end":{"line":34,"column":3}},{"start":{"line":32,"column":9},"end":{"line":34,"column":3}}],"line":30}},"s":{"0":1,"1":1,"2":0,"3":1,"4":1,"5":1,"6":0,"7":1,"8":0,"9":0,"10":0,"11":0,"12":0,"13":0},"f":{"0":0,"1":0,"2":0},"b":{"0":[0,0],"1":[1,1],"2":[0,0],"3":[0,0]},"inputSourceMap":{"version":3,"sources":["/Users/kirylmaltsav/Workspace/vue-project-template/src/icons/BrushIcon.vue"],"names":[],"mappings":";;;EAEI,OAAO,EAAC,WAAW;EACnB,IAAI,EAAC,MAAM;;;;wBAFb,oBAWM,OAXN,UAWM;IAPJ,oBAME;MALA,CAAC,EAAC,ypBAAypB;MAC3pB,MAAM,EAAC,cAAc;MACrB,cAAY,EAAC,KAAK;MAClB,gBAAc,EAAC,OAAO;MACtB,iBAAe,EAAC,OAAO"},"_coverageSchema":"1a1c01bbd47fc00a2c39e90264f33305004495a9","hash":"8d75760b9ad3ccfda11214638caa934743019201"},"/Users/kirylmaltsav/Workspace/vue-project-template/src/icons/EditIcon.vue":{"path":"/Users/kirylmaltsav/Workspace/vue-project-template/src/icons/EditIcon.vue","statementMap":{"0":{"start":{"line":1,"column":18},"end":{"line":1,"column":22}},"1":{"start":{"line":4,"column":19},"end":{"line":10,"column":1}},"2":{"start":{"line":13,"column":2},"end":{"line":21,"column":6}},"3":{"start":{"line":25,"column":0},"end":{"line":25,"column":30}},"4":{"start":{"line":26,"column":0},"end":{"line":26,"column":108}},"5":{"start":{"line":27,"column":0},"end":{"line":29,"column":2}},"6":{"start":{"line":28,"column":2},"end":{"line":28,"column":41}},"7":{"start":{"line":30,"column":0},"end":{"line":38,"column":2}},"8":{"start":{"line":31,"column":2},"end":{"line":31,"column":18}},"9":{"start":{"line":31,"column":12},"end":{"line":31,"column":18}},"10":{"start":{"line":32,"column":47},"end":{"line":32,"column":50}},"11":{"start":{"line":33,"column":2},"end":{"line":37,"column":3}},"12":{"start":{"line":34,"column":4},"end":{"line":34,"column":65}},"13":{"start":{"line":36,"column":4},"end":{"line":36,"column":56}}},"fnMap":{"0":{"name":"_sfc_render","decl":{"start":{"line":12,"column":9},"end":{"line":12,"column":20}},"loc":{"start":{"line":12,"column":35},"end":{"line":22,"column":1}},"line":12},"1":{"name":"(anonymous_1)","decl":{"start":{"line":27,"column":35},"end":{"line":27,"column":36}},"loc":{"start":{"line":27,"column":49},"end":{"line":29,"column":1}},"line":27},"2":{"name":"(anonymous_2)","decl":{"start":{"line":30,"column":23},"end":{"line":30,"column":24}},"loc":{"start":{"line":30,"column":30},"end":{"line":38,"column":1}},"line":30}},"branchMap":{"0":{"loc":{"start":{"line":13,"column":63},"end":{"line":21,"column":4}},"type":"binary-expr","locations":[{"start":{"line":13,"column":63},"end":{"line":13,"column":72}},{"start":{"line":13,"column":77},"end":{"line":21,"column":3}}],"line":13},"1":{"loc":{"start":{"line":26,"column":0},"end":{"line":26,"column":108}},"type":"binary-expr","locations":[{"start":{"line":26,"column":0},"end":{"line":26,"column":42}},{"start":{"line":26,"column":46},"end":{"line":26,"column":108}}],"line":26},"2":{"loc":{"start":{"line":31,"column":2},"end":{"line":31,"column":18}},"type":"if","locations":[{"start":{"line":31,"column":2},"end":{"line":31,"column":18}},{"start":{},"end":{}}],"line":31},"3":{"loc":{"start":{"line":33,"column":2},"end":{"line":37,"column":3}},"type":"if","locations":[{"start":{"line":33,"column":2},"end":{"line":37,"column":3}},{"start":{"line":35,"column":9},"end":{"line":37,"column":3}}],"line":33}},"s":{"0":1,"1":1,"2":0,"3":1,"4":1,"5":1,"6":0,"7":1,"8":0,"9":0,"10":0,"11":0,"12":0,"13":0},"f":{"0":0,"1":0,"2":0},"b":{"0":[0,0],"1":[1,1],"2":[0,0],"3":[0,0]},"inputSourceMap":{"version":3,"sources":["/Users/kirylmaltsav/Workspace/vue-project-template/src/icons/EditIcon.vue"],"names":[],"mappings":";;;EAEI,KAAK,EAAC,MAAM;EACZ,MAAM,EAAC,MAAM;EACb,OAAO,EAAC,WAAW;EACnB,IAAI,EAAC,MAAM;EACX,KAAK,EAAC,4BAA4B;;;;wBALpC,oBAcM,OAdN,UAcM;IAPJ,oBAME;MALA,CAAC,EAAC,6xBAA6xB;MAC/xB,MAAM,EAAC,cAAc;MACrB,cAAY,EAAC,GAAG;MAChB,gBAAc,EAAC,OAAO;MACtB,iBAAe,EAAC,OAAO"},"_coverageSchema":"1a1c01bbd47fc00a2c39e90264f33305004495a9","hash":"fb3dbd92f2f60a5dd3ab7b43fc4f4983483cdf0b"},"/Users/kirylmaltsav/Workspace/vue-project-template/src/icons/GoogleLogoIcon.vue":{"path":"/Users/kirylmaltsav/Workspace/vue-project-template/src/icons/GoogleLogoIcon.vue","statementMap":{"0":{"start":{"line":1,"column":18},"end":{"line":1,"column":22}},"1":{"start":{"line":4,"column":19},"end":{"line":10,"column":1}},"2":{"start":{"line":13,"column":2},"end":{"line":15,"column":6}},"3":{"start":{"line":19,"column":0},"end":{"line":19,"column":30}},"4":{"start":{"line":20,"column":0},"end":{"line":20,"column":108}},"5":{"start":{"line":21,"column":0},"end":{"line":23,"column":2}},"6":{"start":{"line":22,"column":2},"end":{"line":22,"column":41}},"7":{"start":{"line":24,"column":0},"end":{"line":32,"column":2}},"8":{"start":{"line":25,"column":2},"end":{"line":25,"column":18}},"9":{"start":{"line":25,"column":12},"end":{"line":25,"column":18}},"10":{"start":{"line":26,"column":47},"end":{"line":26,"column":50}},"11":{"start":{"line":27,"column":2},"end":{"line":31,"column":3}},"12":{"start":{"line":28,"column":4},"end":{"line":28,"column":65}},"13":{"start":{"line":30,"column":4},"end":{"line":30,"column":56}}},"fnMap":{"0":{"name":"_sfc_render","decl":{"start":{"line":12,"column":9},"end":{"line":12,"column":20}},"loc":{"start":{"line":12,"column":35},"end":{"line":16,"column":1}},"line":12},"1":{"name":"(anonymous_1)","decl":{"start":{"line":21,"column":35},"end":{"line":21,"column":36}},"loc":{"start":{"line":21,"column":49},"end":{"line":23,"column":1}},"line":21},"2":{"name":"(anonymous_2)","decl":{"start":{"line":24,"column":23},"end":{"line":24,"column":24}},"loc":{"start":{"line":24,"column":30},"end":{"line":32,"column":1}},"line":24}},"branchMap":{"0":{"loc":{"start":{"line":13,"column":63},"end":{"line":15,"column":4}},"type":"binary-expr","locations":[{"start":{"line":13,"column":63},"end":{"line":13,"column":72}},{"start":{"line":13,"column":77},"end":{"line":15,"column":3}}],"line":13},"1":{"loc":{"start":{"line":20,"column":0},"end":{"line":20,"column":108}},"type":"binary-expr","locations":[{"start":{"line":20,"column":0},"end":{"line":20,"column":42}},{"start":{"line":20,"column":46},"end":{"line":20,"column":108}}],"line":20},"2":{"loc":{"start":{"line":25,"column":2},"end":{"line":25,"column":18}},"type":"if","locations":[{"start":{"line":25,"column":2},"end":{"line":25,"column":18}},{"start":{},"end":{}}],"line":25},"3":{"loc":{"start":{"line":27,"column":2},"end":{"line":31,"column":3}},"type":"if","locations":[{"start":{"line":27,"column":2},"end":{"line":31,"column":3}},{"start":{"line":29,"column":9},"end":{"line":31,"column":3}}],"line":27}},"s":{"0":1,"1":1,"2":0,"3":1,"4":1,"5":1,"6":0,"7":1,"8":0,"9":0,"10":0,"11":0,"12":0,"13":0},"f":{"0":0,"1":0,"2":0},"b":{"0":[0,0],"1":[1,1],"2":[0,0],"3":[0,0]},"inputSourceMap":{"version":3,"sources":["/Users/kirylmaltsav/Workspace/vue-project-template/src/icons/GoogleLogoIcon.vue"],"names":[],"mappings":";;;EAEI,KAAK,EAAC,MAAM;EACZ,MAAM,EAAC,MAAM;EACb,OAAO,EAAC,WAAW;EACnB,IAAI,EAAC,MAAM;EACX,KAAK,EAAC,4BAA4B;;;;wBALpC,oBAkCM,OAlCN,UAkCM;IAnCR"},"_coverageSchema":"1a1c01bbd47fc00a2c39e90264f33305004495a9","hash":"4230cb35e7e276af9ec44d755a1c9c2b936d771f"},"/Users/kirylmaltsav/Workspace/vue-project-template/src/icons/LogoutIcon.vue":{"path":"/Users/kirylmaltsav/Workspace/vue-project-template/src/icons/LogoutIcon.vue","statementMap":{"0":{"start":{"line":1,"column":18},"end":{"line":1,"column":22}},"1":{"start":{"line":4,"column":19},"end":{"line":10,"column":1}},"2":{"start":{"line":13,"column":2},"end":{"line":21,"column":6}},"3":{"start":{"line":25,"column":0},"end":{"line":25,"column":30}},"4":{"start":{"line":26,"column":0},"end":{"line":26,"column":108}},"5":{"start":{"line":27,"column":0},"end":{"line":29,"column":2}},"6":{"start":{"line":28,"column":2},"end":{"line":28,"column":41}},"7":{"start":{"line":30,"column":0},"end":{"line":38,"column":2}},"8":{"start":{"line":31,"column":2},"end":{"line":31,"column":18}},"9":{"start":{"line":31,"column":12},"end":{"line":31,"column":18}},"10":{"start":{"line":32,"column":47},"end":{"line":32,"column":50}},"11":{"start":{"line":33,"column":2},"end":{"line":37,"column":3}},"12":{"start":{"line":34,"column":4},"end":{"line":34,"column":65}},"13":{"start":{"line":36,"column":4},"end":{"line":36,"column":56}}},"fnMap":{"0":{"name":"_sfc_render","decl":{"start":{"line":12,"column":9},"end":{"line":12,"column":20}},"loc":{"start":{"line":12,"column":35},"end":{"line":22,"column":1}},"line":12},"1":{"name":"(anonymous_1)","decl":{"start":{"line":27,"column":35},"end":{"line":27,"column":36}},"loc":{"start":{"line":27,"column":49},"end":{"line":29,"column":1}},"line":27},"2":{"name":"(anonymous_2)","decl":{"start":{"line":30,"column":23},"end":{"line":30,"column":24}},"loc":{"start":{"line":30,"column":30},"end":{"line":38,"column":1}},"line":30}},"branchMap":{"0":{"loc":{"start":{"line":13,"column":63},"end":{"line":21,"column":4}},"type":"binary-expr","locations":[{"start":{"line":13,"column":63},"end":{"line":13,"column":72}},{"start":{"line":13,"column":77},"end":{"line":21,"column":3}}],"line":13},"1":{"loc":{"start":{"line":26,"column":0},"end":{"line":26,"column":108}},"type":"binary-expr","locations":[{"start":{"line":26,"column":0},"end":{"line":26,"column":42}},{"start":{"line":26,"column":46},"end":{"line":26,"column":108}}],"line":26},"2":{"loc":{"start":{"line":31,"column":2},"end":{"line":31,"column":18}},"type":"if","locations":[{"start":{"line":31,"column":2},"end":{"line":31,"column":18}},{"start":{},"end":{}}],"line":31},"3":{"loc":{"start":{"line":33,"column":2},"end":{"line":37,"column":3}},"type":"if","locations":[{"start":{"line":33,"column":2},"end":{"line":37,"column":3}},{"start":{"line":35,"column":9},"end":{"line":37,"column":3}}],"line":33}},"s":{"0":1,"1":1,"2":1,"3":1,"4":1,"5":1,"6":0,"7":1,"8":0,"9":0,"10":0,"11":0,"12":0,"13":0},"f":{"0":1,"1":0,"2":0},"b":{"0":[1,1],"1":[1,1],"2":[0,0],"3":[0,0]},"inputSourceMap":{"version":3,"sources":["/Users/kirylmaltsav/Workspace/vue-project-template/src/icons/LogoutIcon.vue"],"names":[],"mappings":";;;EAEI,KAAK,EAAC,MAAM;EACZ,MAAM,EAAC,MAAM;EACb,OAAO,EAAC,WAAW;EACnB,IAAI,EAAC,MAAM;EACX,KAAK,EAAC,4BAA4B;;;;wBALpC,oBAcM,OAdN,UAcM;IAPJ,oBAME;MALA,CAAC,EAAC,0QAA0Q;MAC5Q,MAAM,EAAC,cAAc;MACrB,cAAY,EAAC,GAAG;MAChB,gBAAc,EAAC,OAAO;MACtB,iBAAe,EAAC,OAAO"},"_coverageSchema":"1a1c01bbd47fc00a2c39e90264f33305004495a9","hash":"48746ec5c4b267fa35bd8873fcab4f29ac96c650"},"/Users/kirylmaltsav/Workspace/vue-project-template/src/icons/ShieldIcon.vue":{"path":"/Users/kirylmaltsav/Workspace/vue-project-template/src/icons/ShieldIcon.vue","statementMap":{"0":{"start":{"line":1,"column":18},"end":{"line":1,"column":22}},"1":{"start":{"line":4,"column":19},"end":{"line":7,"column":1}},"2":{"start":{"line":10,"column":2},"end":{"line":18,"column":6}},"3":{"start":{"line":22,"column":0},"end":{"line":22,"column":30}},"4":{"start":{"line":23,"column":0},"end":{"line":23,"column":108}},"5":{"start":{"line":24,"column":0},"end":{"line":26,"column":2}},"6":{"start":{"line":25,"column":2},"end":{"line":25,"column":41}},"7":{"start":{"line":27,"column":0},"end":{"line":35,"column":2}},"8":{"start":{"line":28,"column":2},"end":{"line":28,"column":18}},"9":{"start":{"line":28,"column":12},"end":{"line":28,"column":18}},"10":{"start":{"line":29,"column":47},"end":{"line":29,"column":50}},"11":{"start":{"line":30,"column":2},"end":{"line":34,"column":3}},"12":{"start":{"line":31,"column":4},"end":{"line":31,"column":65}},"13":{"start":{"line":33,"column":4},"end":{"line":33,"column":56}}},"fnMap":{"0":{"name":"_sfc_render","decl":{"start":{"line":9,"column":9},"end":{"line":9,"column":20}},"loc":{"start":{"line":9,"column":35},"end":{"line":19,"column":1}},"line":9},"1":{"name":"(anonymous_1)","decl":{"start":{"line":24,"column":35},"end":{"line":24,"column":36}},"loc":{"start":{"line":24,"column":49},"end":{"line":26,"column":1}},"line":24},"2":{"name":"(anonymous_2)","decl":{"start":{"line":27,"column":23},"end":{"line":27,"column":24}},"loc":{"start":{"line":27,"column":30},"end":{"line":35,"column":1}},"line":27}},"branchMap":{"0":{"loc":{"start":{"line":10,"column":63},"end":{"line":18,"column":4}},"type":"binary-expr","locations":[{"start":{"line":10,"column":63},"end":{"line":10,"column":72}},{"start":{"line":10,"column":77},"end":{"line":18,"column":3}}],"line":10},"1":{"loc":{"start":{"line":23,"column":0},"end":{"line":23,"column":108}},"type":"binary-expr","locations":[{"start":{"line":23,"column":0},"end":{"line":23,"column":42}},{"start":{"line":23,"column":46},"end":{"line":23,"column":108}}],"line":23},"2":{"loc":{"start":{"line":28,"column":2},"end":{"line":28,"column":18}},"type":"if","locations":[{"start":{"line":28,"column":2},"end":{"line":28,"column":18}},{"start":{},"end":{}}],"line":28},"3":{"loc":{"start":{"line":30,"column":2},"end":{"line":34,"column":3}},"type":"if","locations":[{"start":{"line":30,"column":2},"end":{"line":34,"column":3}},{"start":{"line":32,"column":9},"end":{"line":34,"column":3}}],"line":30}},"s":{"0":1,"1":1,"2":0,"3":1,"4":1,"5":1,"6":0,"7":1,"8":0,"9":0,"10":0,"11":0,"12":0,"13":0},"f":{"0":0,"1":0,"2":0},"b":{"0":[0,0],"1":[1,1],"2":[0,0],"3":[0,0]},"inputSourceMap":{"version":3,"sources":["/Users/kirylmaltsav/Workspace/vue-project-template/src/icons/ShieldIcon.vue"],"names":[],"mappings":";;;EAEI,OAAO,EAAC,WAAW;EACnB,IAAI,EAAC,MAAM;;;;wBAFb,oBAWM,OAXN,UAWM;IAPJ,oBAME;MALA,CAAC,EAAC,6rBAA6rB;MAC/rB,MAAM,EAAC,cAAc;MACrB,cAAY,EAAC,GAAG;MAChB,gBAAc,EAAC,OAAO;MACtB,iBAAe,EAAC,OAAO"},"_coverageSchema":"1a1c01bbd47fc00a2c39e90264f33305004495a9","hash":"c498d0e2d73e6d87f78b418f52398fbea832fb3e"},"/Users/kirylmaltsav/Workspace/vue-project-template/src/icons/StarsIcon.vue":{"path":"/Users/kirylmaltsav/Workspace/vue-project-template/src/icons/StarsIcon.vue","statementMap":{"0":{"start":{"line":1,"column":18},"end":{"line":1,"column":22}},"1":{"start":{"line":4,"column":19},"end":{"line":10,"column":1}},"2":{"start":{"line":13,"column":2},"end":{"line":21,"column":6}},"3":{"start":{"line":25,"column":0},"end":{"line":25,"column":30}},"4":{"start":{"line":26,"column":0},"end":{"line":26,"column":108}},"5":{"start":{"line":27,"column":0},"end":{"line":29,"column":2}},"6":{"start":{"line":28,"column":2},"end":{"line":28,"column":41}},"7":{"start":{"line":30,"column":0},"end":{"line":38,"column":2}},"8":{"start":{"line":31,"column":2},"end":{"line":31,"column":18}},"9":{"start":{"line":31,"column":12},"end":{"line":31,"column":18}},"10":{"start":{"line":32,"column":47},"end":{"line":32,"column":50}},"11":{"start":{"line":33,"column":2},"end":{"line":37,"column":3}},"12":{"start":{"line":34,"column":4},"end":{"line":34,"column":65}},"13":{"start":{"line":36,"column":4},"end":{"line":36,"column":56}}},"fnMap":{"0":{"name":"_sfc_render","decl":{"start":{"line":12,"column":9},"end":{"line":12,"column":20}},"loc":{"start":{"line":12,"column":35},"end":{"line":22,"column":1}},"line":12},"1":{"name":"(anonymous_1)","decl":{"start":{"line":27,"column":35},"end":{"line":27,"column":36}},"loc":{"start":{"line":27,"column":49},"end":{"line":29,"column":1}},"line":27},"2":{"name":"(anonymous_2)","decl":{"start":{"line":30,"column":23},"end":{"line":30,"column":24}},"loc":{"start":{"line":30,"column":30},"end":{"line":38,"column":1}},"line":30}},"branchMap":{"0":{"loc":{"start":{"line":13,"column":63},"end":{"line":21,"column":4}},"type":"binary-expr","locations":[{"start":{"line":13,"column":63},"end":{"line":13,"column":72}},{"start":{"line":13,"column":77},"end":{"line":21,"column":3}}],"line":13},"1":{"loc":{"start":{"line":26,"column":0},"end":{"line":26,"column":108}},"type":"binary-expr","locations":[{"start":{"line":26,"column":0},"end":{"line":26,"column":42}},{"start":{"line":26,"column":46},"end":{"line":26,"column":108}}],"line":26},"2":{"loc":{"start":{"line":31,"column":2},"end":{"line":31,"column":18}},"type":"if","locations":[{"start":{"line":31,"column":2},"end":{"line":31,"column":18}},{"start":{},"end":{}}],"line":31},"3":{"loc":{"start":{"line":33,"column":2},"end":{"line":37,"column":3}},"type":"if","locations":[{"start":{"line":33,"column":2},"end":{"line":37,"column":3}},{"start":{"line":35,"column":9},"end":{"line":37,"column":3}}],"line":33}},"s":{"0":1,"1":1,"2":0,"3":1,"4":1,"5":1,"6":0,"7":1,"8":0,"9":0,"10":0,"11":0,"12":0,"13":0},"f":{"0":0,"1":0,"2":0},"b":{"0":[0,0],"1":[1,1],"2":[0,0],"3":[0,0]},"inputSourceMap":{"version":3,"sources":["/Users/kirylmaltsav/Workspace/vue-project-template/src/icons/StarsIcon.vue"],"names":[],"mappings":";;;EAEI,KAAK,EAAC,MAAM;EACZ,MAAM,EAAC,MAAM;EACb,OAAO,EAAC,WAAW;EACnB,IAAI,EAAC,MAAM;EACX,KAAK,EAAC,4BAA4B;;;;wBALpC,oBAcM,OAdN,UAcM;IAPJ,oBAME;MALA,CAAC,EAAC,6rBAA6rB;MAC/rB,MAAM,EAAC,cAAc;MACrB,cAAY,EAAC,GAAG;MAChB,gBAAc,EAAC,OAAO;MACtB,iBAAe,EAAC,OAAO"},"_coverageSchema":"1a1c01bbd47fc00a2c39e90264f33305004495a9","hash":"d4994cdc1fbe01a0b729a56167674fffc3c25b36"},"/Users/kirylmaltsav/Workspace/vue-project-template/src/icons/ThreeDotsIcon.vue":{"path":"/Users/kirylmaltsav/Workspace/vue-project-template/src/icons/ThreeDotsIcon.vue","statementMap":{"0":{"start":{"line":1,"column":18},"end":{"line":1,"column":22}},"1":{"start":{"line":4,"column":19},"end":{"line":8,"column":1}},"2":{"start":{"line":11,"column":2},"end":{"line":30,"column":6}},"3":{"start":{"line":34,"column":0},"end":{"line":34,"column":30}},"4":{"start":{"line":35,"column":0},"end":{"line":35,"column":108}},"5":{"start":{"line":36,"column":0},"end":{"line":38,"column":2}},"6":{"start":{"line":37,"column":2},"end":{"line":37,"column":41}},"7":{"start":{"line":39,"column":0},"end":{"line":47,"column":2}},"8":{"start":{"line":40,"column":2},"end":{"line":40,"column":18}},"9":{"start":{"line":40,"column":12},"end":{"line":40,"column":18}},"10":{"start":{"line":41,"column":47},"end":{"line":41,"column":50}},"11":{"start":{"line":42,"column":2},"end":{"line":46,"column":3}},"12":{"start":{"line":43,"column":4},"end":{"line":43,"column":65}},"13":{"start":{"line":45,"column":4},"end":{"line":45,"column":56}}},"fnMap":{"0":{"name":"_sfc_render","decl":{"start":{"line":10,"column":9},"end":{"line":10,"column":20}},"loc":{"start":{"line":10,"column":35},"end":{"line":31,"column":1}},"line":10},"1":{"name":"(anonymous_1)","decl":{"start":{"line":36,"column":35},"end":{"line":36,"column":36}},"loc":{"start":{"line":36,"column":49},"end":{"line":38,"column":1}},"line":36},"2":{"name":"(anonymous_2)","decl":{"start":{"line":39,"column":23},"end":{"line":39,"column":24}},"loc":{"start":{"line":39,"column":30},"end":{"line":47,"column":1}},"line":39}},"branchMap":{"0":{"loc":{"start":{"line":11,"column":63},"end":{"line":30,"column":4}},"type":"binary-expr","locations":[{"start":{"line":11,"column":63},"end":{"line":11,"column":72}},{"start":{"line":11,"column":77},"end":{"line":30,"column":3}}],"line":11},"1":{"loc":{"start":{"line":35,"column":0},"end":{"line":35,"column":108}},"type":"binary-expr","locations":[{"start":{"line":35,"column":0},"end":{"line":35,"column":42}},{"start":{"line":35,"column":46},"end":{"line":35,"column":108}}],"line":35},"2":{"loc":{"start":{"line":40,"column":2},"end":{"line":40,"column":18}},"type":"if","locations":[{"start":{"line":40,"column":2},"end":{"line":40,"column":18}},{"start":{},"end":{}}],"line":40},"3":{"loc":{"start":{"line":42,"column":2},"end":{"line":46,"column":3}},"type":"if","locations":[{"start":{"line":42,"column":2},"end":{"line":46,"column":3}},{"start":{"line":44,"column":9},"end":{"line":46,"column":3}}],"line":42}},"s":{"0":1,"1":1,"2":0,"3":1,"4":1,"5":1,"6":0,"7":1,"8":0,"9":0,"10":0,"11":0,"12":0,"13":0},"f":{"0":0,"1":0,"2":0},"b":{"0":[0,0],"1":[1,1],"2":[0,0],"3":[0,0]},"inputSourceMap":{"version":3,"sources":["/Users/kirylmaltsav/Workspace/vue-project-template/src/icons/ThreeDotsIcon.vue"],"names":[],"mappings":";;;EAEI,OAAO,EAAC,WAAW;EACnB,IAAI,EAAC,MAAM;EACX,KAAK,EAAC,4BAA4B;;;;wBAHpC,oBAuBM,OAvBN,UAuBM;IAlBJ,oBAKE;MAJA,CAAC,EAAC,gNAAgN;MAClN,MAAM,EAAC,cAAc;MACrB,gBAAc,EAAC,OAAO;MACtB,iBAAe,EAAC,OAAO;;IAEzB,oBAKE;MAJA,CAAC,EAAC,gNAAgN;MAClN,MAAM,EAAC,cAAc;MACrB,gBAAc,EAAC,OAAO;MACtB,iBAAe,EAAC,OAAO;;IAEzB,oBAKE;MAJA,CAAC,EAAC,8MAA8M;MAChN,MAAM,EAAC,cAAc;MACrB,gBAAc,EAAC,OAAO;MACtB,iBAAe,EAAC,OAAO"},"_coverageSchema":"1a1c01bbd47fc00a2c39e90264f33305004495a9","hash":"1ab7fd15c941edaeebb8629a259868306714173c"},"/Users/kirylmaltsav/Workspace/vue-project-template/src/component-styles/button/defaultButtonVariant.style.ts":{"path":"/Users/kirylmaltsav/Workspace/vue-project-template/src/component-styles/button/defaultButtonVariant.style.ts","statementMap":{"0":{"start":{"line":2,"column":0},"end":{"line":10,"column":3}}},"fnMap":{},"branchMap":{},"s":{"0":1},"f":{},"b":{},"inputSourceMap":{"version":3,"sources":["/Users/kirylmaltsav/Workspace/vue-project-template/src/component-styles/button/defaultButtonVariant.style.ts"],"mappings":"AAAA,SAAS,yBAAyB;AAElC,kBAAkB;AAAA,EAChB,aAAa;AAAA,EACb,QAAQ;AAAA;AAAA,EAER;AAAA,EACA,OAAO;AAAA,EACP,SAAS;AAAA,EACT,WAAW;AACb,CAAC;","names":[]},"_coverageSchema":"1a1c01bbd47fc00a2c39e90264f33305004495a9","hash":"474f44b14bc49dddf8f093c6593f65d8c7bf9a88"},"/Users/kirylmaltsav/Workspace/vue-project-template/src/icons/TrashIcon.vue":{"path":"/Users/kirylmaltsav/Workspace/vue-project-template/src/icons/TrashIcon.vue","statementMap":{"0":{"start":{"line":1,"column":18},"end":{"line":1,"column":22}},"1":{"start":{"line":4,"column":19},"end":{"line":8,"column":1}},"2":{"start":{"line":11,"column":2},"end":{"line":19,"column":6}},"3":{"start":{"line":23,"column":0},"end":{"line":23,"column":30}},"4":{"start":{"line":24,"column":0},"end":{"line":24,"column":108}},"5":{"start":{"line":25,"column":0},"end":{"line":27,"column":2}},"6":{"start":{"line":26,"column":2},"end":{"line":26,"column":41}},"7":{"start":{"line":28,"column":0},"end":{"line":36,"column":2}},"8":{"start":{"line":29,"column":2},"end":{"line":29,"column":18}},"9":{"start":{"line":29,"column":12},"end":{"line":29,"column":18}},"10":{"start":{"line":30,"column":47},"end":{"line":30,"column":50}},"11":{"start":{"line":31,"column":2},"end":{"line":35,"column":3}},"12":{"start":{"line":32,"column":4},"end":{"line":32,"column":65}},"13":{"start":{"line":34,"column":4},"end":{"line":34,"column":56}}},"fnMap":{"0":{"name":"_sfc_render","decl":{"start":{"line":10,"column":9},"end":{"line":10,"column":20}},"loc":{"start":{"line":10,"column":35},"end":{"line":20,"column":1}},"line":10},"1":{"name":"(anonymous_1)","decl":{"start":{"line":25,"column":35},"end":{"line":25,"column":36}},"loc":{"start":{"line":25,"column":49},"end":{"line":27,"column":1}},"line":25},"2":{"name":"(anonymous_2)","decl":{"start":{"line":28,"column":23},"end":{"line":28,"column":24}},"loc":{"start":{"line":28,"column":30},"end":{"line":36,"column":1}},"line":28}},"branchMap":{"0":{"loc":{"start":{"line":11,"column":63},"end":{"line":19,"column":4}},"type":"binary-expr","locations":[{"start":{"line":11,"column":63},"end":{"line":11,"column":72}},{"start":{"line":11,"column":77},"end":{"line":19,"column":3}}],"line":11},"1":{"loc":{"start":{"line":24,"column":0},"end":{"line":24,"column":108}},"type":"binary-expr","locations":[{"start":{"line":24,"column":0},"end":{"line":24,"column":42}},{"start":{"line":24,"column":46},"end":{"line":24,"column":108}}],"line":24},"2":{"loc":{"start":{"line":29,"column":2},"end":{"line":29,"column":18}},"type":"if","locations":[{"start":{"line":29,"column":2},"end":{"line":29,"column":18}},{"start":{},"end":{}}],"line":29},"3":{"loc":{"start":{"line":31,"column":2},"end":{"line":35,"column":3}},"type":"if","locations":[{"start":{"line":31,"column":2},"end":{"line":35,"column":3}},{"start":{"line":33,"column":9},"end":{"line":35,"column":3}}],"line":31}},"s":{"0":1,"1":1,"2":0,"3":1,"4":1,"5":1,"6":0,"7":1,"8":0,"9":0,"10":0,"11":0,"12":0,"13":0},"f":{"0":0,"1":0,"2":0},"b":{"0":[0,0],"1":[1,1],"2":[0,0],"3":[0,0]},"inputSourceMap":{"version":3,"sources":["/Users/kirylmaltsav/Workspace/vue-project-template/src/icons/TrashIcon.vue"],"names":[],"mappings":";;;EAEI,OAAO,EAAC,WAAW;EACnB,IAAI,EAAC,MAAM;EACX,KAAK,EAAC,4BAA4B;;;;wBAHpC,oBAYM,OAZN,UAYM;IAPJ,oBAME;MALA,CAAC,EAAC,2UAA2U;MAC7U,MAAM,EAAC,cAAc;MACrB,cAAY,EAAC,GAAG;MAChB,gBAAc,EAAC,OAAO;MACtB,iBAAe,EAAC,OAAO"},"_coverageSchema":"1a1c01bbd47fc00a2c39e90264f33305004495a9","hash":"683df868a3b7a0ed3e5b876e3b312bb20de76af7"},"/Users/kirylmaltsav/Workspace/vue-project-template/src/modules/auth/components/AuthLayout.vue":{"path":"/Users/kirylmaltsav/Workspace/vue-project-template/src/modules/auth/components/AuthLayout.vue","statementMap":{"0":{"start":{"line":3,"column":34},"end":{"line":13,"column":2}},"1":{"start":{"line":6,"column":4},"end":{"line":6,"column":15}},"2":{"start":{"line":7,"column":25},"end":{"line":9,"column":7}},"3":{"start":{"line":8,"column":6},"end":{"line":8,"column":24}},"4":{"start":{"line":10,"column":4},"end":{"line":10,"column":95}},"5":{"start":{"line":11,"column":4},"end":{"line":11,"column":24}},"6":{"start":{"line":16,"column":2},"end":{"line":16,"column":58}},"7":{"start":{"line":18,"column":0},"end":{"line":18,"column":31}},"8":{"start":{"line":19,"column":0},"end":{"line":19,"column":109}},"9":{"start":{"line":20,"column":0},"end":{"line":22,"column":3}},"10":{"start":{"line":21,"column":2},"end":{"line":21,"column":42}},"11":{"start":{"line":23,"column":0},"end":{"line":31,"column":3}},"12":{"start":{"line":24,"column":2},"end":{"line":24,"column":19}},"13":{"start":{"line":24,"column":12},"end":{"line":24,"column":19}},"14":{"start":{"line":25,"column":47},"end":{"line":25,"column":50}},"15":{"start":{"line":26,"column":2},"end":{"line":30,"column":3}},"16":{"start":{"line":27,"column":4},"end":{"line":27,"column":66}},"17":{"start":{"line":29,"column":4},"end":{"line":29,"column":57}}},"fnMap":{"0":{"name":"(anonymous_0)","decl":{"start":{"line":5,"column":2},"end":{"line":5,"column":3}},"loc":{"start":{"line":5,"column":39},"end":{"line":12,"column":3}},"line":5},"1":{"name":"(anonymous_1)","decl":{"start":{"line":7,"column":27},"end":{"line":7,"column":28}},"loc":{"start":{"line":7,"column":44},"end":{"line":9,"column":5}},"line":7},"2":{"name":"_sfc_render","decl":{"start":{"line":15,"column":9},"end":{"line":15,"column":20}},"loc":{"start":{"line":15,"column":68},"end":{"line":17,"column":1}},"line":15},"3":{"name":"(anonymous_3)","decl":{"start":{"line":20,"column":35},"end":{"line":20,"column":36}},"loc":{"start":{"line":20,"column":49},"end":{"line":22,"column":1}},"line":20},"4":{"name":"(anonymous_4)","decl":{"start":{"line":23,"column":23},"end":{"line":23,"column":24}},"loc":{"start":{"line":23,"column":32},"end":{"line":31,"column":1}},"line":23}},"branchMap":{"0":{"loc":{"start":{"line":19,"column":0},"end":{"line":19,"column":108}},"type":"binary-expr","locations":[{"start":{"line":1
[...]
,SAAS,MAAM;AACb,aAAO,YAAY,OAAO,kBAAkB,KAAK;AAAA,IACnD;AAAA,IACA,UAAU;AAAA,MACR,WAAW;AAAA,QACT;AAAA,MACF;AAAA,IACF;AAAA,EACF,CAAC;AACH;","names":[]},"_coverageSchema":"1a1c01bbd47fc00a2c39e90264f33305004495a9","hash":"4fb363b403fed73adef5bf36fae143d73bd33418"},"/Users/kirylmaltsav/Workspace/vue-project-template/src/modules/user/api/queries/userDetail.query.ts":{"path":"/Users/kirylmaltsav/Workspace/vue-project-template/src/modules/user/api/queries/userDetail.query.ts","statementMap":{"0":{"start":{"line":11,"column":2},"end":{"line":19,"column":4}},"1":{"start":{"line":13,"column":19},"end":{"line":13,"column":59}},"2":{"start":{"line":22,"column":2},"end":{"line":22,"column":45}},"3":{"start":{"line":25,"column":2},"end":{"line":25,"column":53}}},"fnMap":{"0":{"name":"userDetailQuery","decl":{"start":{"line":10,"column":16},"end":{"line":10,"column":31}},"loc":{"start":{"line":10,"column":42},"end":{"line":20,"column":1}},"line":10},"1":{"name":"(anonymous_1)","decl":{"start":{"line":13,"column":13},"end":{"line":13,"column":14}},"loc":{"start":{"line":13,"column":19},"end":{"line":13,"column":59}},"line":13},"2":{"name":"useUserDetailQuery","decl":{"start":{"line":21,"column":16},"end":{"line":21,"column":34}},"loc":{"start":{"line":21,"column":45},"end":{"line":23,"column":1}},"line":21},"3":{"name":"useUserDetailPrefetchQuery","decl":{"start":{"line":24,"column":16},"end":{"line":24,"column":42}},"loc":{"start":{"line":24,"column":53},"end":{"line":26,"column":1}},"line":24}},"branchMap":{},"s":{"0":2,"1":0,"2":0,"3":2},"f":{"0":2,"1":0,"2":0,"3":2},"b":{},"inputSourceMap":{"version":3,"sources":["/Users/kirylmaltsav/Workspace/vue-project-template/src/modules/user/api/queries/userDetail.query.ts"],"mappings":"AAAA;AAAA,EACE;AAAA,OAGK;AACP,SAA2B,eAAe;AAE1C;AAAA,EAEE;AAAA,OACK;AAGP,SAAS,mBAAmB;AAC5B,SAAS,gBAAgB;AAElB,gBAAS,gBAAgB,UAA8D;AAC5F,SAAO;AAAA,IACL,WAAW,SAAS,QAAQ,EAAE;AAAA,IAC9B,SAAS,MAAM,YAAY,UAAU,QAAQ,QAAQ,CAAC;AAAA,IACtD,UAAU;AAAA,MACR,YAAY;AAAA,QACV;AAAA,MACF;AAAA,IACF;AAAA,EACF;AACF;AAEO,gBAAS,mBAAmB,UAAiE;AAClG,SAAO,SAAS,gBAAgB,QAAQ,CAAC;AAC3C;AAEO,gBAAS,2BAA2B,UAA0D;AACnG,SAAO,iBAAiB,gBAAgB,QAAQ,CAAC;AACnD;","names":[]},"_coverageSchema":"1a1c01bbd47fc00a2c39e90264f33305004495a9","hash":"53ec96595bcc85f51d217df7651cb268e8362905"},"/Users/kirylmaltsav/Workspace/vue-project-template/src/modules/user/features/overview/components/UserOverviewTableEmailCell.vue":{"path":"/Users/kirylmaltsav/Workspace/vue-project-template/src/modules/user/features/overview/components/UserOverviewTableEmailCell.vue","statementMap":{"0":{"start":{"line":9,"column":34},"end":{"line":31,"column":2}},"1":{"start":{"line":15,"column":4},"end":{"line":15,"column":15}},"2":{"start":{"line":16,"column":18},"end":{"line":16,"column":25}},"3":{"start":{"line":17,"column":36},"end":{"line":17,"column":95}},"4":{"start":{"line":17,"column":78},"end":{"line":17,"column":93}},"5":{"start":{"line":19,"column":6},"end":{"line":19,"column":40}},"6":{"start":{"line":21,"column":25},"end":{"line":27,"column":7}},"7":{"start":{"line":22,"column":6},"end":{"line":22,"column":32}},"8":{"start":{"line":24,"column":6},"end":{"line":24,"column":25}},"9":{"start":{"line":26,"column":6},"end":{"line":26,"column":21}},"10":{"start":{"line":28,"column":4},"end":{"line":28,"column":95}},"11":{"start":{"line":29,"column":4},"end":{"line":29,"column":24}},"12":{"start":{"line":34,"column":2},"end":{"line":64,"column":26}},"13":{"start":{"line":38,"column":28},"end":{"line":61,"column":5}},"14":{"start":{"line":51,"column":32},"end":{"line":57,"column":9}},"15":{"start":{"line":66,"column":0},"end":{"line":66,"column":31}},"16":{"start":{"line":67,"column":0},"end":{"line":67,"column":109}},"17":{"start":{"line":68,"column":0},"end":{"line":70,"column":3}},"18":{"start":{"line":69,"column":2},"end":{"line":69,"column":42}},"19":{"start":{"line":71,"column":0},"end":{"line":79,"column":3}},"20":{"start":{"line":72,"column":2},"end":{"line":72,"column":19}},"21":{"start":{"line":72,"column":12},"end":{"line":72,"column":19}},"22":{"start":{"line":73,"column":47},"end":{"line":73,"column":50}},"23":{"start":{"line":74,"column":2},"end":{"line":78,"column":3}},"24":{"start":{"line":75,"column":4},"end":{"line":75,"column":66}},"25":{"start":{"line":77,"column":4},"end":{"line":77,"column":57}}},"fnMap":{"0":{"name":"(anonymous_0)","decl":{"start":{"line":14,"column":2},"end":{"line":14,"column":3}},"loc":{"start":{"line":14,"column":39},"end":{"line":30,"column":3}},"line":14},"1":{"name":"(anonymous_1)","decl":{"start":{"line":17,"column":72},"end":{"line":17,"column":73}},"loc":{"start":{"line":17,"column":78},"end":{"line":17,"column":93}},"line":17},"2":{"name":"onMouseEnter","decl":{"start":{"line":18,"column":13},"end":{"line":18,"column":25}},"loc":{"start":{"line":18,"column":28},"end":{"line":20,"column":5}},"line":18},"3":{"name":"(anonymous_3)","decl":{"start":{"line":21,"column":73},"end":{"line":21,"column":74}},"loc":{"start":{"line":21,"column":98},"end":{"line":23,"column":5}},"line":21},"4":{"name":"(anonymous_4)","decl":{"start":{"line":23,"column":7},"end":{"line":23,"column":8}},"loc":{"start":{"line":23,"column":25},"end":{"line":25,"column":5}},"line":23},"5":{"name":"(anonymous_5)","decl":{"start":{"line":25,"column":7},"end":{"line":25,"column":8}},"loc":{"start":{"line":25,"column":21},"end":{"line":27,"column":5}},"line":25},"6":{"name":"_sfc_render","decl":{"start":{"line":33,"column":9},"end":{"line":33,"column":20}},"loc":{"start":{"line":33,"column":68},"end":{"line":65,"column":1}},"line":33},"7":{"name":"(anonymous_7)","decl":{"start":{"line":38,"column":22},"end":{"line":38,"column":23}},"loc":{"start":{"line":38,"column":28},"end":{"line":61,"column":5}},"line":38},"8":{"name":"(anonymous_8)","decl":{"start":{"line":51,"column":26},"end":{"line":51,"column":27}},"loc":{"start":{"line":51,"column":32},"end":{"line":57,"column":9}},"line":51},"9":{"name":"(anonymous_9)","decl":{"start":{"line":68,"column":35},"end":{"line":68,"column":36}},"loc":{"start":{"line":68,"column":49},"end":{"line":70,"column":1}},"line":68},"10":{"name":"(anonymous_10)","decl":{"start":{"line":71,"column":23},"end":{"line":71,"column":24}},"loc":{"start":{"line":71,"column":32},"end":{"line":79,"column":1}},"line":71}},"branchMap":{"0":{"loc":{"start":{"line":67,"column":0},"end":{"line":67,"column":108}},"type":"binary-expr","locations":[{"start":{"line":67,"column":0},"end":{"line":67,"column":42}},{"start":{"line":67,"column":46},"end":{"line":67,"column":108}}],"line":67},"1":{"loc":{"start":{"line":72,"column":2},"end":{"line":72,"column":19}},"type":"if","locations":[{"start":{"line":72,"column":2},"end":{"line":72,"column":19}},{"start":{},"end":{}}],"line":72},"2":{"loc":{"start":{"line":74,"column":2},"end":{"line":78,"column":3}},"type":"if","locations":[{"start":{"line":74,"column":2},"end":{"line":78,"column":3}},{"start":{"line":76,"column":9},"end":{"line":78,"column":3}}],"line":74}},"s":{"0":1,"1":2,"2":2,"3":2,"4":0,"5":0,"6":2,"7":2,"8":2,"9":2,"10":2,"11":2,"12":2,"13":2,"14":2,"15":1,"16":1,"17":1,"18":0,"19":1,"20":0,"21":0,"22":0,"23":0,"24":0,"25":0},"f":{"0":2,"1":0,"2":0,"3":2,"4":2,"5":2,"6":2,"7":2,"8":2,"9":0,"10":0},"b":{"0":[1,1],"1":[0,0],"2":[0,0]},"inputSourceMap":{"version":3,"mappings":";AACA;AAAA,EACE;AAAA,EACA;AAAA,OACK;AACP,SAAS,gBAAgB;AAEzB,SAAS,eAAe;AAGxB,SAAS,kCAAkC;;;;;;;;AAE3C,UAAM,QAAQ;AAId,UAAM,0BAA0B,2BAA2B,SAAmB,MAAM,MAAM,KAAK,IAAI,CAAC;AAEpG,aAAS,eAAqB;AAC5B,8BAAwB,QAAQ;AAAA,IAClC;;;;;;;;;;;;;;uBAIE,aAkBc;AAAA,IAjBX,mBAAiB;AAAA,IACjB,gBAAc,eAAQ,MAAM,SAAS,MAAM;AAAA;IA1BhD,kBA4BI,MAaqB;AAAA,MAbrB,aAaqB;AAAA,QAZlB,IAAE;AAAA;;sBAAuE,aAAM,KAAK;AAAA;;QAMrF,MAAK;AAAA,QACL,SAAQ;AAAA,QACR,OAAM;AAAA,QACL,cAAY;AAAA;QAtCnB,kBAwCM,MAAsB;AAAA,UAxC5B;AAAA,6BAwCS,aAAM,KAAK,KAAK;AAAA;AAAA;AAAA;AAAA;QAxCzB;AAAA;AAAA;;IAAA;AAAA;AAAA","names":[],"ignoreList":[],"sources":["/Users/kirylmaltsav/Workspace/vue-project-template/src/modules/user/features/overview/components/UserOverviewTableEmailCell.vue"],"file":"/Users/kirylmaltsav/Workspace/vue-project-template/src/modules/user/features/overview/components/UserOverviewTableEmailCell.vue"},"_coverageSchema":"1a1c01bbd47fc00a2c39e90264f33305004495a9","hash":"c3681c970bfec6fbcb18e5f499f1ffe838c8d41d"},"/Users/kirylmaltsav/Workspace/vue-project-template/src/modules/user/features/overview/components/UserOverviewTable.vue":{"path":"/Users/kirylmaltsav/Workspace/vue-project-template/src/modules/user/features/overview/components/UserOverviewTable.vue","statementMap":{"0":{"start":{"line":11,"column":34},"end":{"line":40,"column":2}},"1":{"start":{"line":20,"column":4},"end":{"line":20,"column":15}},"2":{"start":{"line":21,"column":18},"end":{"line":21,"column":25}},"3":{"start":{"line":22,"column":17},"end":{"line":22,"column":26}},"4":{"start":{"line":23,"column":20},"end":{"line":31,"column":6}},"5":{"start":{"line":23,"column":35},"end":{"line":31,"column":5}},"6":{"start":{"line":27,"column":24},"end":{"line":27,"column":63}},"7":{"start":{"line":32,"column":25},"end":{"line":36,"column":7}},"8":{"start":{"line":33,"column":6},"end":{"line":33,"column":21}},"9":{"start":{"line":35,"column":6},"end":{"line":35,"column":21}},"10":{"start":{"line":37,"column":4},"end":{"line":37,"column":95}},"11":{"start":{"line":38,"column":4},"end":{"line":38,"column":24}},"12":{"start":{"line":42,"column":19},"end":{"line":45,"column":1}},"13":{"start":{"line":47,"column":2},"end":{"line":60,"column":80}},"14":{"start":{"line":62,"column":0},"end":{"line":62,"column":31}},"15":{"start":{"line":63,"column":0},"end":{"line":63,"column":109}},"16":{"start":{"line":64,"column":0},"end":{"line":66,"column":3}},"17":{"start":{"line":65,"column":2},"end":{"line":65,"column":42}},"18":{"start":{"line":67,"column":0},"end":{"line":75,"column":3}},"19":{"start":{"line":68,"column":2},"end":{"line":68,"column":19}},"20":{"start":{"line":68,"column":12},"end":{"line":68,"column":19}},"21":{"start":{"line":69,"column":47},"end":{"line":69,"column":50}},"22":{"start":{"line":70,"column":2},"end":{"line":74,"column":3}},"23":{"start":{"line":71,"column":4},"end":{"line":71,"column":66}},"24":{"start":{"line":73,"column":4},"end":{"line":73,"column":57}}},"fnMap":{"0":{"name":"(anonymous_0)","decl":{"start":{"line":19,"column":2},"end":{"line":19,"column":3}},"loc":{"start":{"line":19,"column":39},"end":{"line":39,"column":3}},"line":19},"1":{"name":"(anonymous_1)","decl":{"start":{"line":23,"column":29},"end":{"line":23,"column":30}},"loc":{"start":{"line":23,"column":35},"end":{"line":31,"column":5}},"line":23},"2":{"name":"(anonymous_2)","decl":{"start":{"line":27,"column":14},"end":{"line":27,"column":15}},"loc":{"start":{"line":27,"column":24},"end":{"line":27,"column":63}},"line":27},"3":{"name":"(anonymous_3)","decl":{"start":{"line":32,"column":49},"end":{"line":32,"column":50}},"loc":{"start":{"line":32,"column":63},"end":{"line":34,"column":5}},"line":32},"4":{"name":"(anonymous_4)","decl":{"start":{"line":34,"column":22},"end":{"line":34,"column":23}},"loc":{"start":{"line":34,"column":36},"end":{"line":36,"column":5}},"line":34},"5":{"name":"_sfc_render","decl":{"start":{"line":46,"column":9},"end":{"line":46,"column":20}},"loc":{"start":{"line":46,"column":68},"end":{"line":61,"column":1}},"line":46},"6":{"name":"(anonymous_6)","decl":{"start":{"line":64,"column":35},"end":{"line":64,"column":36}},"loc":{"start":{"line":64,"column":49},"end":{"line":66,"column":1}},"line":64},"7":{"name":"(anonymous_7)","decl":{"start":{"line":67,"column":23},"end":{"line":67,"column":24}},"loc":{"start":{"line":67,"column":32},"end":{"line":75,"column":1}},"line":67}},"branchMap":{"0":{"loc":{"start":{"line":47,"column":9},"end":{"line":60,"column":79}},"type":"cond-expr","locations":[{"start":{"line":47,"column":40},"end":{"line":51,"column":4}},{"start":{"line":51,"column":9},"end":{"line":60,"column":78}}],"line":47},"1":{"loc":{"start":{"line":63,"column":0},"end":{"line":63,"column":108}},"type":"binary-expr","locations":[{"start":{"line":63,"column":0},"end":{"line":63,"column":42}},{"start":{"line":63,"column":46},"end":{"line":63,"column":108}}],"line":63},"2":{"loc":{"start":{"line":68,"column":2},"end":{"line":68,"column":19}},"type":"if","locations":[{"start":{"line":68,"column":2},"end":{"line":68,"column":19}},{"start":{},"end":{}}],"line":68},"3":{"loc":{"start":{"line":70,"column":2},"end":{"line":74,"column":3}},"type":"if","locations":[{"start":{"line":70,"column":2},"end":{"line":74,"column":3}},{"start":{"line":72,"column":9},"end":{"line":74,"column":3}}],"line":70}},"s":{"0":1,"1":1,"2":1,"3":1,"4":1,"5":2,"6":4,"7":1,"8":3,"9":3,"10":1,"11":1,"12":1,"13":3,"14":1,"15":1,"16":1,"17":0,"18":1,"19":0,"20":0,"21":0,"22":0,"23":0,"24":0},"f":{"0":1,"1":2,"2":4,"3":3,"4":3,"5":3,"6":0,"7":0},"b":{"0":[0,3],"1":[1,1],"2":[0,0],"3":[0,0]},"inputSourceMap":{"version":3,"mappings":";AAMA,SAAS,eAAe;AACxB;AAAA,EACE;AAAA,EACA;AAAA,OAEK;AACP,SAAS,eAAe;AAExB,OAAO,mBAAmB;AAC1B,SAAS,eAAe;AAGxB,OAAO,gCAAgC;;;;;;;;;;;AAEvC,UAAM,QAAQ;AAOd,UAAM,OAAO,QAAQ;AAErB,UAAM,UAAU,SAAmC,MAAM;AAAA,MACvD;AAAA,QACE,QAAQ,QAAQ,MAAM,SAAS,MAAM;AAAA,QACrC,YAAY;AAAA,QACZ,MAAM,CAAC,SAAgB,EAAE,4BAA4B,EAAE,KAAK,CAAC;AAAA,QAC7D,aAAa,KAAK,EAAE,YAAY;AAAA,QAChC,KAAK;AAAA,MACP;AAAA,IACF,CAAC;;;;;;;;;;;;EArCD;AAAA,EA2CI,OAAM;;;SADA,aAAM,UAAK,sBADnB,oBAKM,OALN,YAKM;AAAA,IADJ,aAAsC;AAAA,MAAtB,OAAO,aAAM;AAAA;uBAG/B,aASE;AAAA,IAzDJ;AAAA,IAkDK,SAAS;AAAA,IACT,MAAM,aAAM;AAAA,IACZ,gBAAc,eAAQ,MAAM,SAAS,MAAM;AAAA,IAC3C,0BAAwB;AAAA,IACxB,cAAY,aAAM;AAAA,IAClB,YAAY,aAAM;AAAA,IACnB,OAAM;AAAA","names":[],"ignoreList":[],"sources":["/Users/kirylmaltsav/Workspace/vue-project-template/src/modules/user/features/overview/components/UserOverviewTable.vue"],"file":"/Users/kirylmaltsav/Workspace/vue-project-template/src/modules/user/features/overview/components/UserOverviewTable.vue"},"_coverageSchema":"1a1c01bbd47fc00a2c39e90264f33305004495a9","hash":"7bd493bc5c540592002405ae0bb3586e0dd81637"},"/Users/kirylmaltsav/Workspace/vue-project-template/src/modules/user/features/overview/views/UserOverviewView.vue":{"path":"/Users/kirylmaltsav/Workspace/vue-project-template/src/modules/user/features/overview/views/UserOverviewView.vue","statementMap":{"0":{"start":{"line":13,"column":34},"end":{"line":31,"column":2}},"1":{"start":{"line":16,"column":4},"end":{"line":16,"column":15}},"2":{"start":{"line":17,"column":17},"end":{"line":17,"column":26}},"3":{"start":{"line":18,"column":26},"end":{"line":18,"column":44}},"4":{"start":{"line":19,"column":4},"end":{"line":19,"column":51}},"5":{"start":{"line":20,"column":23},"end":{"line":23,"column":6}},"6":{"start":{"line":24,"column":27},"end":{"line":24,"column":74}},"7":{"start":{"line":25,"column":22},"end":{"line":25,"column":68}},"8":{"start":{"line":25,"column":37},"end":{"line":25,"column":67}},"9":{"start":{"line":26,"column":18},"end":{"line":26,"column":60}},"10":{"start":{"line":26,"column":33},"end":{"line":26,"column":59}},"11":{"start":{"line":27,"column":25},"end":{"line":27,"column":168}},"12":{"start":{"line":28,"column":4},"end":{"line":28,"column":95}},"13":{"start":{"line":29,"column":4},"end":{"line":29,"column":24}},"14":{"start":{"line":33,"column":19},"end":{"line":36,"column":1}},"15":{"start":{"line":37,"column":19},"end":{"line":40,"column":1}},"16":{"start":{"line":42,"column":2},"end":{"line":63,"column":19}},"17":{"start":{"line":45,"column":28},"end":{"line":60,"column":5}},"18":{"start":{"line":65,"column":0},"end":{"line":65,"column":31}},"19":{"start":{"line":66,"column":0},"end":{"line":66,"column":109}},"20":{"start":{"line":67,"column":0},"end":{"line":69,"column":3}},"21":{"start":{"line":68,"column":2},"end":{"line":68,"column":42}},"22":{"start":{"line":70,"column":0},"end":{"line":78,"column":3}},"23":{"start":{"line":71,"column":2},"end":{"line":71,"column":19}},"24":{"start":{"line":71,"column":12},"end":{"line":71,"column":19}},"25":{"start":{"line":72,"column":47},"end":{"line":72,"column":50}},"26":{"start":{"line":73,"column":2},"end":{"line":77,"column":3}},"27":{"start":{"line":74,"column":4},"end":{"line":74,"column":66}},"28":{"start":{"line":76,"column":4},"end":{"line":76,"column":57}}},"fnMap":{"0":{"name":"(anonymous_0)","decl":{"start":{"line":15,"column":2},"end":{"line":15,"column":3}},"loc":{"start":{"line":15,"column":39},"end":{"line":30,"column":3}},"line":15},"1":{"name":"(anonymous_1)","decl":{"start":{"line":25,"column":31},"end":{"line":25,"column":32}},"loc":{"start":{"line":25,"column":37},"end":{"line":25,"column":67}},"line":25},"2":{"name":"(anonymous_2)","decl":{"start":{"line":26,"column":27},"end":{"line":26,"column":28}},"loc":{"start":{"line":26,"column":33},"end":{"line":26,"column":59}},"line":26},"3":{"name":"_sfc_render","decl":{"start":{"line":41,"column":9},"end":{"line":41,"column":20}},"loc":{"start":{"line":41,"column":68},"end":{"line":64,"column":1}},"line":41},"4":{"name":"(anonymous_4)","decl":{"start":{"line":45,"column":22},"end":{"line":45,"column":23}},"loc":{"start":{"line":45,"column":28},"end":{"line":60,"column":5}},"line":45},"5":{"name":"(anonymous_5)","decl":{"start":{"line":67,"column":35},"end":{"line":67,"column":36}},"loc":{"start":{"line":67,"column":49},"end":{"line":69,"column":1}},"line":67},"6":{"name":"(anonymous_6)","decl":{"start":{"line":70,"column":23},"end":{"line":70,"column":24}},"loc":{"start":{"line":70,"column":32},"end":{"line":78,"column":1}},"line":70}},"branchMap":{"0":{"loc":{"start":{"line":46,"column":6},"end":{"line":59,"column":9}},"type":"cond-expr","locations":[{"start":{"line":46,"column":31},"end":{"line":48,"column":8}},{"start":{"line":48,"column":13},"end":{"line":59,"column":8}}],"line":46},"1":{"loc":{"start":{"line":66,"column":0},"end":{"line":66,"column":108}},"type":"binary-expr","locations":[{"start":{"line":66,"column":0},"end":{"line":66,"column":42}},{"start":{"line":66,"column":46},"end":{"line":66,"column":108}}],"line":66},"2":{"loc":{"start":{"line":71,"column":2},"end":{"line":71,"column":19}},"type":"if","locations":[{"start":{"line":71,"column":2},"end":{"line":71,"column":19}},{"start":{},"end":{}}],"line":71},"3":{"loc":{"start":{"line":73,"column":2},"end":{"line":77,"column":3}},"type":"if","locations":[{"start":{"line":73,"column":2},"end":{"line":77,"column":3}},{"start":{"line":75,"column":9},"end":{"line":77,"column":3}}],"line":73}},"s":{"0":1,"1":1,"2":1,"3":1,"4":1,"5":1,"6":1,"7":1,"8":2,"9":1,"10":1,"11":1,"12":1,"13":1,"14":1,"15":1,"16":2,"17":2,"18":1,"19":1,"20":1,"21":0,"22":1,"23":0,"24":0,"25":0,"26":0,"27":0,"28":0},"f":{"0":1,"1":2,"2":1,"3":2,"4":2,"5":0,"6":0},"b":{"0":[0,2],"1":[1,1],"2":[0,0],"3":[0,0]},"inputSourceMap":{"version":3,"mappings":";AACA;AAAA,EACE;AAAA,EACA;AAAA,OACK;AACP,SAAS,gBAAgB;AACzB,SAAS,eAAe;AAExB,OAAO,mBAAmB;AAC1B,OAAO,8BAA8B;AACrC,OAAO,kBAAkB;AAEzB,SAAS,yBAAyB;AAClC,OAAO,uBAAuB;;;;;AAE9B,UAAM,OAAO,QAAQ;AAErB,UAAM,gBAAgB,iBAAiB;AAEvC,kBAAc,IAAI,KAAK,EAAE,mBAAmB,CAAC;AAE7C,UAAM,aAAa,cAAmC;AAAA,MACpD,qBAAqB;AAAA,MACrB,KAAK;AAAA,IACP,CAAC;AAED,UAAM,iBAAiB,kBAAkB,WAAW,iBAAiB;AAErE,UAAM,YAAY,SAAkB,MAAM,eAAe,UAAU,KAAK;AACxE,UAAM,QAAQ,SAAkB,MAAM,eAAe,MAAM,KAAK;;;;;;;;EA7BhE;AAAA,EAqCQ,OAAM;;;EArCd;AAAA,EA4CQ,OAAM;;;uBAXZ,aA0Be;AAAA,IA1BA,OAAO,YAAK,EAAC;AAAA;IACf,SAAO,SAChB,MAKM;AAAA,MAJE,iBAAK,sBADb,oBAKM,OALN,YAKM;AAAA,QADJ,aAAgC,2BAAhB,OAAO,aAAK;AAAA,2BAG9B,oBAeM,OAfN,YAeM;AAAA,QAXJ,aAGE;AAAA,UAFC,cAAY,sBAAe,UAAU;AAAA,UACrC,YAAY;AAAA;QAGf,aAKE;AAAA,UAJC,MAAM,sBAAe,KAAK;AAAA,UAC1B,cAAY;AAAA,UACZ,YAAY;AAAA,UACZ,OAAO,sBAAe,MAAM;AAAA;;;IAvDvC;AAAA;AAAA","names":[],"ignoreList":[],"sources":["/Users/kirylmaltsav/Workspace/vue-project-template/src/modules/user/features/overview/views/UserOverviewView.vue"],"file":"/Users/kirylmaltsav/Workspace/vue-project-template/src/modules/user/features/overview/views/UserOverviewView.vue"},"_coverageSchema":"1a1c01bbd47fc00a2c39e90264f33305004495a9","hash":"402b0e1b83945ebb2892852db25886cc60087a73"}}